#
# A fatal error has been detected by the Java Runtime Environment:
#
#  EXCEPTION_ACCESS_VIOLATION (0xc0000005) at pc=0x00007ffaa212e32a, pid=33316, tid=6888
#
# JRE version: OpenJDK Runtime Environment Temurin-17.0.3+7 (17.0.3+7) (build 17.0.3+7)
# Java VM: OpenJDK 64-Bit Server VM Temurin-17.0.3+7 (17.0.3+7, mixed mode, emulated-client, tiered, compressed oops, compressed class ptrs, g1 gc, windows-amd64)
# Problematic frame:
# V  [jvm.dll+0x79e32a]
#
# No core dump will be written. Minidumps are not enabled by default on client versions of Windows
#
# If you would like to submit a bug report, please visit:
#   https://github.com/adoptium/adoptium-support/issues
#

---------------  S U M M A R Y ------------

Command Line: -XX:+ShowCodeDetailsInExceptionMessages -agentlib:jdwp=transport=dt_socket,suspend=y,address=localhost:55427 -Dcom.sun.management.jmxremote -Dcom.sun.management.jmxremote.port=55405 -Dcom.sun.management.jmxremote.authenticate=false -Dcom.sun.management.jmxremote.ssl=false -Djava.rmi.server.hostname=localhost -Dspring.jmx.enabled=true -Dspring.application.admin.enabled=true -XX:TieredStopAtLevel=1 -Dspring.boot.project.name=OAndM -javaagent:F:\EGOV_Softwares\64_bit\sts-4.15.1.RELEASE\configuration\org.eclipse.osgi\258\0\.cp\lib\javaagent-shaded.jar -Dfile.encoding=UTF-8 in.OAndM.OAndMApplication --spring.output.ansi.enabled=always

Host: Intel(R) Core(TM) i9-9900 CPU @ 3.10GHz, 16 cores, 15G,  Windows 11 , 64 bit Build 22621 (10.0.22621.4830)
Time: Wed Mar 12 16:06:34 2025 India Standard Time elapsed time: 1766.433873 seconds (0d 0h 29m 26s)

---------------  T H R E A D  ---------------

Current thread (0x0000026486d26220):  JavaThread "JDWP Transport Listener: dt_socket" daemon [_thread_in_vm, id=6888, stack(0x00000098c9d00000,0x00000098c9e00000)]

Stack: [0x00000098c9d00000,0x00000098c9e00000],  sp=0x00000098c9dff4e0,  free space=1021k
Native frames: (J=compiled Java code, j=interpreted, Vv=VM code, C=native code)
V  [jvm.dll+0x79e32a]
V  [jvm.dll+0x5088cc]
V  [jvm.dll+0x4cff34]
C  [jdwp.dll+0x22dff]


siginfo: EXCEPTION_ACCESS_VIOLATION (0xc0000005), reading address 0x00000000014b014e


Register to memory mapping:

RIP=0x00007ffaa212e32a jvm.dll
RAX=0x0000000000000149 is an unknown value
RBX=0x0000026486ab0d02 points into unknown readable memory: 69 6f 6e 56 69 65
RCX=0x00000000014b014a is an unknown value
RDX=0x000002648e5f53b0 points into unknown readable memory: 0x646e414f2f6e694c | 4c 69 6e 2f 4f 41 6e 64
RSP=0x00000098c9dff4e0 is pointing into the stack for thread: 0x0000026486d26220
RBP=0x0000026486d191c0 points into unknown readable memory: 0x0043005000000002 | 02 00 00 00 50 00 43 00
RSI=0x0 is NULL
RDI=0xffffffffffffffff is an unknown value
R8 =0x0000000000000089 is an unknown value
R9 =0x0000000000000040 is an unknown value
R10=0x0000000000000080 is an unknown value
R11=0x00000098c9dff500 is pointing into the stack for thread: 0x0000026486d26220
R12=0x00000098c9dff638 is pointing into the stack for thread: 0x0000026486d26220
R13=0x0 is NULL
R14=0x00000008003dee58 is a pointer to class: 
in.OAndM.services.impl.AdminSanctionServiceImpl {0x00000008003dee60}
 - instance size:     5
 - klass size:        105
 - access:            public synchronized 
 - state:             fully_initialized
 - name:              'in/OAndM/services/impl/AdminSanctionServiceImpl'
 - super:             'in/OAndM/core/BaseServiceImpl'
 - sub:               'in/OAndM/services/impl/AdminSanctionServiceImpl$$SpringCGLIB$$0'   
 - arrays:            NULL
 - methods:           Array<T>(0x000002648d4f1140)
 - method ordering:   Array<T>(0x00000264903be2e0)
 - default_methods:   Array<T>(0x0000000000000000)
 - local interfaces:  Array<T>(0x000002648abd9390)
 - trans. interfaces: Array<T>(0x000002648abdd038)
 - constants:         constant pool [436] {0x00000264902de310} for 'in/OAndM/services/impl/AdminSanctionServiceImpl' cache=0x000002648eecd598
 - class loader data:  loader data: 0x0000026486b22c20 for instance a 'jdk/internal/loader/ClassLoaders$AppClassLoader'{0x0000000703e11600}
 - source file:       'AdminSanctionServiceImpl.java'
 - source debug extension:       SMAP
AdminSanctionServiceImpl.java
Java
*S jdt
*F
1 AdminSanctionServiceImpl.java
2 file:/F:/GitHubRepository/OandMWorks/target/classes/
*L
*E

 - class annotations:       Array<T>(0x000002648ee5ddf8)
 - class type annotations:  Array<T>(0x0000000000000000)
 - field annotations:       Array<T>(0x00000264903bdeb8)
 - field type annotations:  Array<T>(0x0000000000000000)
 - generic signature: '
[error occurred during error reporting (printing register info), id 0xc0000005, EXCEPTION_ACCESS_VIOLATION (0xc0000005) at pc=0x00007ffaa212ef36]

Registers:
RAX=0x0000000000000149, RBX=0x0000026486ab0d02, RCX=0x00000000014b014a, RDX=0x000002648e5f53b0
RSP=0x00000098c9dff4e0, RBP=0x0000026486d191c0, RSI=0x0000000000000000, RDI=0xffffffffffffffff
R8 =0x0000000000000089, R9 =0x0000000000000040, R10=0x0000000000000080, R11=0x00000098c9dff500
R12=0x00000098c9dff638, R13=0x0000000000000000, R14=0x00000008003dee58, R15=0x00000098c9dff660
RIP=0x00007ffaa212e32a, EFLAGS=0x0000000000010202

Top of Stack: (sp=0x00000098c9dff4e0)
0x00000098c9dff4e0:   000000000000002f 00000008003dee58
0x00000098c9dff4f0:   000002648e5f5df0 00007ffb57eab001
0x00000098c9dff500:   ffffffffffffffff 00007ffaa1e988cc
0x00000098c9dff510:   0000026486ab0d02 0000026486ab0cd0
0x00000098c9dff520:   0000026486d191c0 0000000000000000
0x00000098c9dff530:   0000026486ab0c90 00000000000003d8
0x00000098c9dff540:   0000026486ab0ca0 0000026486ab1078
0x00000098c9dff550:   0000000000021501 00000098c9dff638
0x00000098c9dff560:   0000000000000007 0000026486d264c8
0x00000098c9dff570:   000000070432bab0 00007ffaa1e5ff34
0x00000098c9dff580:   0000026486d26220 00000098c9dff660
0x00000098c9dff590:   00000264f138c010 00000098c9dff660
0x00000098c9dff5a0:   0000026486d26220 0000000000000000
0x00000098c9dff5b0:   0000000000000000 0000000000000000
0x00000098c9dff5c0:   000002648e3da440 00007ffb3d8a2dff
0x00000098c9dff5d0:   00000098c9dff658 00007ffb3d8b1aa0 

Instructions: (pc=0x00007ffaa212e32a)
0x00007ffaa212e22a:   48 83 c4 20 5f e9 bc 80 90 ff cc cc cc cc cc cc
0x00007ffaa212e23a:   cc cc cc cc cc cc 48 89 5c 24 08 57 48 83 ec 20
0x00007ffaa212e24a:   83 fa 02 8d 42 06 b9 08 00 00 00 49 8b d8 0f 4e
0x00007ffaa212e25a:   c1 48 63 c8 48 83 c1 07 83 e1 f8 48 63 f9 49 8b
0x00007ffaa212e26a:   48 18 48 8b c7 48 f7 d0 48 3b c1 73 16 4c 8d 05
0x00007ffaa212e27a:   4a 50 17 00 48 8b d7 48 8b cb e8 c7 e3 90 ff 48
0x00007ffaa212e28a:   8b 4b 18 48 8d 04 39 48 3b 43 20 76 18 45 33 c0
0x00007ffaa212e29a:   48 8b d7 48 8b cb 48 8b 5c 24 30 48 83 c4 20 5f
0x00007ffaa212e2aa:   e9 21 e0 90 ff 48 89 43 18 48 8b c1 48 8b 5c 24
0x00007ffaa212e2ba:   30 48 83 c4 20 5f c3 cc cc cc cc cc cc cc cc cc
0x00007ffaa212e2ca:   cc cc cc cc cc cc 4c 8b d2 4c 8b d9 45 85 c0 7e
0x00007ffaa212e2da:   3c 44 0f b7 49 04 41 8d 40 ff 41 3b c1 44 0f 4c
0x00007ffaa212e2ea:   c8 4d 63 c1 45 85 c9 7e 1f 48 8b c2 4c 2b da 49
0x00007ffaa212e2fa:   8b d0 0f 1f 40 00 41 0f b6 4c 03 06 88 08 48 8d
0x00007ffaa212e30a:   40 01 48 83 ea 01 75 ee 43 c6 04 10 00 49 8b c2
0x00007ffaa212e31a:   c3 cc cc cc cc cc 48 89 5c 24 08 57 48 83 ec 20
0x00007ffaa212e32a:   0f b7 59 04 48 8b f9 33 d2 48 8d 4b 01 e8 a4 dc
0x00007ffaa212e33a:   f2 ff 0f b7 57 04 4c 8b c0 3b da 0f 42 d3 44 8b
0x00007ffaa212e34a:   ca 85 d2 74 39 48 2b f8 0f 1f 40 00 66 66 0f 1f
0x00007ffaa212e35a:   84 00 00 00 00 00 0f b6 4c 07 06 88 08 48 ff c0
0x00007ffaa212e36a:   48 8b c8 49 2b c8 49 3b c9 7c eb 42 c6 04 02 00
0x00007ffaa212e37a:   49 8b c0 48 8b 5c 24 30 48 83 c4 20 5f c3 48 8b
0x00007ffaa212e38a:   5c 24 30 c6 04 02 00 48 83 c4 20 5f c3 cc cc cc
0x00007ffaa212e39a:   cc cc cc cc cc cc 4c 8b d1 45 85 c0 7e 6c 44 0f
0x00007ffaa212e3aa:   b7 49 04 41 8d 40 ff 41 3b c1 44 0f 4c c8 4d 63
0x00007ffaa212e3ba:   d9 45 85 c9 7e 22 48 8b ca 4c 2b d2 4d 8b c3 0f
0x00007ffaa212e3ca:   1f 80 00 00 00 00 41 0f b6 44 0a 06 88 01 48 8d
0x00007ffaa212e3da:   49 01 49 83 e8 01 75 ee 41 c6 04 13 00 48 c7 c0
0x00007ffaa212e3ea:   ff ff ff ff 66 90 48 ff c0 80 3c 02 00 75 f7 48
0x00007ffaa212e3fa:   63 c8 85 c0 48 8b c2 7e 14 80 38 2f 75 03 c6 00
0x00007ffaa212e40a:   2e 48 ff c0 48 83 e9 01 75 ef 48 8b c2 c3 cc cc
0x00007ffaa212e41a:   cc cc cc cc cc cc 48 83 ec 28 e8 f7 fe ff ff 4c 


Stack slot to memory mapping:
stack at sp + 0 slots: 0x000000000000002f is an unknown value
stack at sp + 1 slots: 0x00000008003dee58 is a pointer to class: 
in.OAndM.services.impl.AdminSanctionServiceImpl {0x00000008003dee60}
 - instance size:     5
 - klass size:        105
 - access:            public synchronized 
 - state:             fully_initialized
 - name:              'in/OAndM/services/impl/AdminSanctionServiceImpl'
 - super:             'in/OAndM/core/BaseServiceImpl'
 - sub:               'in/OAndM/services/impl/AdminSanctionServiceImpl$$SpringCGLIB$$0'   
 - arrays:            NULL
 - methods:           Array<T>(0x000002648d4f1140)
 - method ordering:   Array<T>(0x00000264903be2e0)
 - default_methods:   Array<T>(0x0000000000000000)
 - local interfaces:  Array<T>(0x000002648abd9390)
 - trans. interfaces: Array<T>(0x000002648abdd038)
 - constants:         constant pool [436] {0x00000264902de310} for 'in/OAndM/services/impl/AdminSanctionServiceImpl' cache=0x000002648eecd598
 - class loader data:  loader data: 0x0000026486b22c20 for instance a 'jdk/internal/loader/ClassLoaders$AppClassLoader'{0x0000000703e11600}
 - source file:       'AdminSanctionServiceImpl.java'
 - source debug extension:       SMAP
AdminSanctionServiceImpl.java
Java
*S jdt
*F
1 AdminSanctionServiceImpl.java
2 file:/F:/GitHubRepository/OandMWorks/target/classes/
*L
*E

 - class annotations:       Array<T>(0x000002648ee5ddf8)
 - class type annotations:  Array<T>(0x0000000000000000)
 - field annotations:       Array<T>(0x00000264903bdeb8)
 - field type annotations:  Array<T>(0x0000000000000000)
 - generic signature: '
[error occurred during error reporting (inspecting top of stack), id 0xc0000005, EXCEPTION_ACCESS_VIOLATION (0xc0000005) at pc=0x00007ffaa212ef36]


---------------  P R O C E S S  ---------------

Threads class SMR info:
_java_thread_list=0x0000026490852cc0, length=39, elements={
0x000002648610ec50, 0x000002648610f9d0, 0x0000026486a31650, 0x0000026486a71600,
0x0000026486a740c0, 0x0000026486a74a70, 0x0000026486a7d430, 0x0000026486a83330,
0x0000026486cb3020, 0x0000026486d26220, 0x0000026486d2a8c0, 0x0000026486d2ced0,
0x0000026488338a90, 0x00000264884718e0, 0x00000264884e8180, 0x0000026488579c80,
0x000002648846b1a0, 0x0000026488a92720, 0x0000026488a5ddb0, 0x000002648b8a1990,
0x000002648b8a0180, 0x000002648b89f7e0, 0x000002648b89f310, 0x000002648b8a2cd0,
0x000002648b8a2800, 0x000002648b8a0ff0, 0x000002648b8a14c0, 0x0000026488a5cf40,
0x000002648e67dc30, 0x000002648e681120, 0x000002648e67e5d0, 0x000002648e67bf50,
0x000002648e67b5b0, 0x000002648e67fde0, 0x000002648e6815f0, 0x000002648e67ba80,
0x000002648e67eaa0, 0x000002648e67ef70, 0x000002648e67f440
}

Java Threads: ( => current thread )
  0x000002648610ec50 JavaThread "Reference Handler" daemon [_thread_blocked, id=9104, stack(0x00000098c9200000,0x00000098c9300000)]
  0x000002648610f9d0 JavaThread "Finalizer" daemon [_thread_blocked, id=33448, stack(0x00000098c9300000,0x00000098c9400000)]
  0x0000026486a31650 JavaThread "Signal Dispatcher" daemon [_thread_blocked, id=41260, stack(0x00000098c9400000,0x00000098c9500000)]
  0x0000026486a71600 JavaThread "Attach Listener" daemon [_thread_blocked, id=19036, stack(0x00000098c9500000,0x00000098c9600000)]
  0x0000026486a740c0 JavaThread "Service Thread" daemon [_thread_blocked, id=28200, stack(0x00000098c9600000,0x00000098c9700000)]
  0x0000026486a74a70 JavaThread "Monitor Deflation Thread" daemon [_thread_blocked, id=30764, stack(0x00000098c9700000,0x00000098c9800000)]
  0x0000026486a7d430 JavaThread "C1 CompilerThread0" daemon [_thread_blocked, id=35616, stack(0x00000098c9800000,0x00000098c9900000)]
  0x0000026486a83330 JavaThread "Sweeper thread" daemon [_thread_blocked, id=38296, stack(0x00000098c9900000,0x00000098c9a00000)]
  0x0000026486cb3020 JavaThread "Common-Cleaner" daemon [_thread_blocked, id=28096, stack(0x00000098c9b00000,0x00000098c9c00000)]
=>0x0000026486d26220 JavaThread "JDWP Transport Listener: dt_socket" daemon [_thread_in_vm, id=6888, stack(0x00000098c9d00000,0x00000098c9e00000)]
  0x0000026486d2a8c0 JavaThread "JDWP Event Helper Thread" daemon [_thread_blocked, id=1016, stack(0x00000098c9e00000,0x00000098c9f00000)]
  0x0000026486d2ced0 JavaThread "JDWP Command Reader" daemon [_thread_in_native, id=36596, stack(0x00000098c9f00000,0x00000098ca000000)]
  0x0000026488338a90 JavaThread "Notification Thread" daemon [_thread_blocked, id=14480, stack(0x00000098ca100000,0x00000098ca200000)]
  0x00000264884718e0 JavaThread "RMI TCP Accept-0" daemon [_thread_in_native, id=12648, stack(0x00000098ca800000,0x00000098ca900000)]
  0x00000264884e8180 JavaThread "RMI TCP Accept-55405" daemon [_thread_in_native, id=2396, stack(0x00000098ca900000,0x00000098caa00000)]
  0x0000026488579c80 JavaThread "RMI TCP Accept-0" daemon [_thread_in_native, id=5344, stack(0x00000098caa00000,0x00000098cab00000)]
  0x000002648846b1a0 JavaThread "RMI Scheduler(0)" daemon [_thread_blocked, id=41728, stack(0x00000098cb100000,0x00000098cb200000)]
  0x0000026488a92720 JavaThread "JMX server connection timeout 33" daemon [_thread_blocked, id=36284, stack(0x00000098cb300000,0x00000098cb400000)]
  0x0000026488a5ddb0 JavaThread "RMI TCP Connection(idle)" daemon [_thread_blocked, id=40792, stack(0x00000098cb800000,0x00000098cb900000)]
  0x000002648b8a1990 JavaThread "Catalina-utility-1" [_thread_blocked, id=38284, stack(0x00000098cbd00000,0x00000098cbe00000)]
  0x000002648b8a0180 JavaThread "Catalina-utility-2" [_thread_blocked, id=22320, stack(0x00000098cbe00000,0x00000098cbf00000)]
  0x000002648b89f7e0 JavaThread "container-0" [_thread_blocked, id=40616, stack(0x00000098cbf00000,0x00000098cc000000)]
  0x000002648b89f310 JavaThread "PostgreSQL-JDBC-Cleaner" daemon [_thread_blocked, id=26152, stack(0x00000098cc100000,0x00000098cc200000)]
  0x000002648b8a2cd0 JavaThread "HikariPool-1 housekeeper" daemon [_thread_blocked, id=27996, stack(0x00000098cc200000,0x00000098cc300000)]
  0x000002648b8a2800 JavaThread "http-nio-0.0.0.0-8098-exec-1" daemon [_thread_blocked, id=22912, stack(0x00000098ccd00000,0x00000098cce00000)]
  0x000002648b8a0ff0 JavaThread "http-nio-0.0.0.0-8098-exec-2" daemon [_thread_blocked, id=11884, stack(0x00000098cce00000,0x00000098ccf00000)]
  0x000002648b8a14c0 JavaThread "http-nio-0.0.0.0-8098-exec-3" daemon [_thread_blocked, id=10352, stack(0x00000098ccf00000,0x00000098cd000000)]
  0x0000026488a5cf40 JavaThread "http-nio-0.0.0.0-8098-exec-4" daemon [_thread_blocked, id=13420, stack(0x00000098cd000000,0x00000098cd100000)]
  0x000002648e67dc30 JavaThread "http-nio-0.0.0.0-8098-exec-5" daemon [_thread_blocked, id=24372, stack(0x00000098cd100000,0x00000098cd200000)]
  0x000002648e681120 JavaThread "http-nio-0.0.0.0-8098-exec-6" daemon [_thread_blocked, id=30732, stack(0x00000098cd200000,0x00000098cd300000)]
  0x000002648e67e5d0 JavaThread "http-nio-0.0.0.0-8098-exec-7" daemon [_thread_blocked, id=36924, stack(0x00000098cd300000,0x00000098cd400000)]
  0x000002648e67bf50 JavaThread "http-nio-0.0.0.0-8098-exec-8" daemon [_thread_blocked, id=25960, stack(0x00000098cd400000,0x00000098cd500000)]
  0x000002648e67b5b0 JavaThread "http-nio-0.0.0.0-8098-exec-9" daemon [_thread_blocked, id=36796, stack(0x00000098cd500000,0x00000098cd600000)]
  0x000002648e67fde0 JavaThread "http-nio-0.0.0.0-8098-exec-10" daemon [_thread_blocked, id=27036, stack(0x00000098cd600000,0x00000098cd700000)]
  0x000002648e6815f0 JavaThread "http-nio-0.0.0.0-8098-Poller" daemon [_thread_in_native, id=31940, stack(0x00000098cd700000,0x00000098cd800000)]
  0x000002648e67ba80 JavaThread "http-nio-0.0.0.0-8098-Acceptor" daemon [_thread_in_native, id=29084, stack(0x00000098cd800000,0x00000098cd900000)]
  0x000002648e67eaa0 JavaThread "DestroyJavaVM" [_thread_blocked, id=16400, stack(0x00000098c8b00000,0x00000098c8c00000)]
  0x000002648e67ef70 JavaThread "HikariPool-1 connection closer" daemon [_thread_blocked, id=21276, stack(0x00000098c8800000,0x00000098c8900000)]
  0x000002648e67f440 JavaThread "HikariPool-1 connection adder" daemon [_thread_blocked, id=25648, stack(0x00000098c8900000,0x00000098c8a00000)]

Other Threads:
  0x000002648611ecf0 VMThread "VM Thread" [stack: 0x00000098c9100000,0x00000098c9200000] [id=28860]
  0x000002648857c9a0 WatcherThread [stack: 0x00000098cab00000,0x00000098cac00000] [id=39392]
  0x00000264f3603600 GCTaskThread "GC Thread#0" [stack: 0x00000098c8c00000,0x00000098c8d00000] [id=35532]
  0x00000264883bd860 GCTaskThread "GC Thread#1" [stack: 0x00000098ca200000,0x00000098ca300000] [id=23844]
  0x00000264883bdf20 GCTaskThread "GC Thread#2" [stack: 0x00000098ca300000,0x00000098ca400000] [id=11944]
  0x00000264883c25f0 GCTaskThread "GC Thread#3" [stack: 0x00000098ca400000,0x00000098ca500000] [id=37872]
  0x00000264883c2eb0 GCTaskThread "GC Thread#4" [stack: 0x00000098ca500000,0x00000098ca600000] [id=448]
  0x00000264883c60a0 GCTaskThread "GC Thread#5" [stack: 0x00000098ca600000,0x00000098ca700000] [id=22076]
  0x00000264883e77e0 GCTaskThread "GC Thread#6" [stack: 0x00000098ca700000,0x00000098ca800000] [id=10668]
  0x000002648877b570 GCTaskThread "GC Thread#7" [stack: 0x00000098cac00000,0x00000098cad00000] [id=24204]
  0x000002648885d1a0 GCTaskThread "GC Thread#8" [stack: 0x00000098cad00000,0x00000098cae00000] [id=14636]
  0x000002648885d450 GCTaskThread "GC Thread#9" [stack: 0x00000098cae00000,0x00000098caf00000] [id=13900]
  0x000002648885d700 GCTaskThread "GC Thread#10" [stack: 0x00000098caf00000,0x00000098cb000000] [id=13976]
  0x0000026488b1f480 GCTaskThread "GC Thread#11" [stack: 0x00000098cb400000,0x00000098cb500000] [id=21656]
  0x0000026488b1f730 GCTaskThread "GC Thread#12" [stack: 0x00000098cb500000,0x00000098cb600000] [id=19064]
  0x00000264f3614960 ConcurrentGCThread "G1 Main Marker" [stack: 0x00000098c8d00000,0x00000098c8e00000] [id=9152]
  0x00000264f3615370 ConcurrentGCThread "G1 Conc#0" [stack: 0x00000098c8e00000,0x00000098c8f00000] [id=12004]
  0x0000026488b5c880 ConcurrentGCThread "G1 Conc#1" [stack: 0x00000098cb600000,0x00000098cb700000] [id=16000]
  0x0000026488b53710 ConcurrentGCThread "G1 Conc#2" [stack: 0x00000098cb700000,0x00000098cb800000] [id=11660]
  0x00000264f363d830 ConcurrentGCThread "G1 Refine#0" [stack: 0x00000098c8f00000,0x00000098c9000000] [id=5424]
  0x0000026488759910 ConcurrentGCThread "G1 Refine#1" [stack: 0x00000098cc400000,0x00000098cc500000] [id=32832]
  0x0000026488759070 ConcurrentGCThread "G1 Refine#2" [stack: 0x00000098cc500000,0x00000098cc600000] [id=33356]
  0x0000026488757970 ConcurrentGCThread "G1 Refine#3" [stack: 0x00000098cc600000,0x00000098cc700000] [id=30956]
  0x00000264887573b0 ConcurrentGCThread "G1 Refine#4" [stack: 0x00000098cc700000,0x00000098cc800000] [id=27840]
  0x0000026488756df0 ConcurrentGCThread "G1 Refine#5" [stack: 0x00000098cc800000,0x00000098cc900000] [id=24140]
  0x0000026488757c50 ConcurrentGCThread "G1 Refine#6" [stack: 0x00000098cc900000,0x00000098cca00000] [id=12088]
  0x0000026488759ed0 ConcurrentGCThread "G1 Refine#7" [stack: 0x00000098cca00000,0x00000098ccb00000] [id=38156]
  0x0000026488756830 ConcurrentGCThread "G1 Refine#8" [stack: 0x00000098ccb00000,0x00000098ccc00000] [id=39244]
  0x0000026488756b10 ConcurrentGCThread "G1 Refine#9" [stack: 0x00000098ccc00000,0x00000098ccd00000] [id=29200]
  0x00000264f363e250 ConcurrentGCThread "G1 Service" [stack: 0x00000098c9000000,0x00000098c9100000] [id=36724]

Threads with active compile tasks:

VM state: not at safepoint (normal execution)

VM Mutex/Monitor currently owned by a thread: None

Heap address: 0x0000000703800000, size: 4040 MB, Compressed Oops mode: Zero based, Oop shift amount: 3

CDS archive(s) not mapped
Compressed class space mapped at: 0x0000000800000000-0x0000000840000000, reserved size: 1073741824
Narrow klass base: 0x0000000800000000, Narrow klass shift: 0, Narrow klass range: 0x40000000

GC Precious Log:
 CPUs: 16 total, 16 available
 Memory: 16158M
 Large Page Support: Disabled
 NUMA Support: Disabled
 Compressed Oops: Enabled (Zero based)
 Heap Region Size: 2M
 Heap Min Capacity: 8M
 Heap Initial Capacity: 254M
 Heap Max Capacity: 4040M
 Pre-touch: Disabled
 Parallel Workers: 13
 Concurrent Workers: 3
 Concurrent Refinement Workers: 13
 Periodic GC: Disabled

Heap:
 garbage-first heap   total 423936K, used 259168K [0x0000000703800000, 0x0000000800000000)
  region size 2048K, 68 young (139264K), 5 survivors (10240K)
 Metaspace       used 99166K, committed 99904K, reserved 1138688K
  class space    used 13768K, committed 14144K, reserved 1048576K

Heap Regions: E=young(eden), S=young(survivor), O=old, HS=humongous(starts), HC=humongous(continues), CS=collection set, F=free, OA=open archive, CA=closed archive, TAMS=top-at-mark-start (previous, next)
|   0|0x0000000703800000, 0x0000000703a00000, 0x0000000703a00000|100%| O|  |TAMS 0x0000000703a00000, 0x0000000703800000| Untracked 
|   1|0x0000000703a00000, 0x0000000703c00000, 0x0000000703c00000|100%| O|  |TAMS 0x0000000703c00000, 0x0000000703a00000| Untracked 
|   2|0x0000000703c00000, 0x0000000703e00000, 0x0000000703e00000|100%| O|  |TAMS 0x0000000703e00000, 0x0000000703c00000| Untracked 
|   3|0x0000000703e00000, 0x0000000704000000, 0x0000000704000000|100%| O|  |TAMS 0x0000000704000000, 0x0000000703e00000| Untracked 
|   4|0x0000000704000000, 0x0000000704200000, 0x0000000704200000|100%| O|  |TAMS 0x0000000704200000, 0x0000000704000000| Untracked 
|   5|0x0000000704200000, 0x0000000704400000, 0x0000000704400000|100%| O|  |TAMS 0x0000000704400000, 0x0000000704200000| Untracked 
|   6|0x0000000704400000, 0x0000000704600000, 0x0000000704600000|100%| O|  |TAMS 0x0000000704600000, 0x0000000704400000| Untracked 
|   7|0x0000000704600000, 0x0000000704800000, 0x0000000704800000|100%| O|  |TAMS 0x0000000704800000, 0x0000000704600000| Untracked 
|   8|0x0000000704800000, 0x0000000704966800, 0x0000000704a00000| 70%| O|  |TAMS 0x0000000704966800, 0x0000000704800000| Untracked 
|   9|0x0000000704a00000, 0x0000000704c00000, 0x0000000704c00000|100%| O|  |TAMS 0x0000000704c00000, 0x0000000704a00000| Untracked 
|  10|0x0000000704c00000, 0x0000000704e00000, 0x0000000704e00000|100%| O|  |TAMS 0x0000000704e00000, 0x0000000704c00000| Untracked 
|  11|0x0000000704e00000, 0x0000000705000000, 0x0000000705000000|100%| O|  |TAMS 0x0000000704e00000, 0x0000000704e00000| Untracked 
|  12|0x0000000705000000, 0x0000000705200000, 0x0000000705200000|100%| O|  |TAMS 0x0000000705000000, 0x0000000705000000| Untracked 
|  13|0x0000000705200000, 0x0000000705400000, 0x0000000705400000|100%| O|  |TAMS 0x0000000705200000, 0x0000000705200000| Untracked 
|  14|0x0000000705400000, 0x0000000705600000, 0x0000000705600000|100%| O|  |TAMS 0x0000000705600000, 0x0000000705400000| Untracked 
|  15|0x0000000705600000, 0x0000000705800000, 0x0000000705800000|100%| O|  |TAMS 0x0000000705800000, 0x0000000705600000| Untracked 
|  16|0x0000000705800000, 0x0000000705a00000, 0x0000000705a00000|100%| O|  |TAMS 0x0000000705800000, 0x0000000705800000| Untracked 
|  17|0x0000000705a00000, 0x0000000705c00000, 0x0000000705c00000|100%| O|  |TAMS 0x0000000705a00000, 0x0000000705a00000| Untracked 
|  18|0x0000000705c00000, 0x0000000705e00000, 0x0000000705e00000|100%| O|  |TAMS 0x0000000705c00000, 0x0000000705c00000| Untracked 
|  19|0x0000000705e00000, 0x0000000706000000, 0x0000000706000000|100%| O|  |TAMS 0x0000000705e00000, 0x0000000705e00000| Untracked 
|  20|0x0000000706000000, 0x0000000706200000, 0x0000000706200000|100%| O|  |TAMS 0x0000000706000000, 0x0000000706000000| Untracked 
|  21|0x0000000706200000, 0x0000000706400000, 0x0000000706400000|100%| O|  |TAMS 0x0000000706200000, 0x0000000706200000| Untracked 
|  22|0x0000000706400000, 0x0000000706600000, 0x0000000706600000|100%|HS|  |TAMS 0x0000000706400000, 0x0000000706400000| Complete 
|  23|0x0000000706600000, 0x0000000706800000, 0x0000000706800000|100%| O|  |TAMS 0x0000000706600000, 0x0000000706600000| Untracked 
|  24|0x0000000706800000, 0x0000000706a00000, 0x0000000706a00000|100%| O|  |TAMS 0x0000000706800000, 0x0000000706800000| Untracked 
|  25|0x0000000706a00000, 0x0000000706c00000, 0x0000000706c00000|100%| O|  |TAMS 0x0000000706a00000, 0x0000000706a00000| Untracked 
|  26|0x0000000706c00000, 0x0000000706e00000, 0x0000000706e00000|100%| O|  |TAMS 0x0000000706c00000, 0x0000000706c00000| Untracked 
|  27|0x0000000706e00000, 0x0000000707000000, 0x0000000707000000|100%| O|  |TAMS 0x0000000706e00000, 0x0000000706e00000| Untracked 
|  28|0x0000000707000000, 0x0000000707200000, 0x0000000707200000|100%| O|  |TAMS 0x0000000707000000, 0x0000000707000000| Untracked 
|  29|0x0000000707200000, 0x0000000707400000, 0x0000000707400000|100%| O|  |TAMS 0x0000000707200000, 0x0000000707200000| Untracked 
|  30|0x0000000707400000, 0x0000000707600000, 0x0000000707600000|100%| O|  |TAMS 0x0000000707400000, 0x0000000707400000| Untracked 
|  31|0x0000000707600000, 0x0000000707800000, 0x0000000707800000|100%| O|  |TAMS 0x0000000707600000, 0x0000000707600000| Untracked 
|  32|0x0000000707800000, 0x0000000707a00000, 0x0000000707a00000|100%| O|  |TAMS 0x0000000707800000, 0x0000000707800000| Untracked 
|  33|0x0000000707a00000, 0x0000000707c00000, 0x0000000707c00000|100%| O|  |TAMS 0x0000000707a00000, 0x0000000707a00000| Untracked 
|  34|0x0000000707c00000, 0x0000000707e00000, 0x0000000707e00000|100%| O|  |TAMS 0x0000000707c00000, 0x0000000707c00000| Untracked 
|  35|0x0000000707e00000, 0x0000000708000000, 0x0000000708000000|100%| O|  |TAMS 0x0000000707e00000, 0x0000000707e00000| Untracked 
|  36|0x0000000708000000, 0x0000000708200000, 0x0000000708200000|100%| O|  |TAMS 0x0000000708000000, 0x0000000708000000| Untracked 
|  37|0x0000000708200000, 0x0000000708400000, 0x0000000708400000|100%| O|  |TAMS 0x0000000708200000, 0x0000000708200000| Untracked 
|  38|0x0000000708400000, 0x0000000708600000, 0x0000000708600000|100%| O|  |TAMS 0x0000000708400000, 0x0000000708400000| Untracked 
|  39|0x0000000708600000, 0x0000000708800000, 0x0000000708800000|100%| O|  |TAMS 0x0000000708600000, 0x0000000708600000| Untracked 
|  40|0x0000000708800000, 0x0000000708a00000, 0x0000000708a00000|100%| O|  |TAMS 0x0000000708800000, 0x0000000708800000| Untracked 
|  41|0x0000000708a00000, 0x0000000708c00000, 0x0000000708c00000|100%| O|  |TAMS 0x0000000708a00000, 0x0000000708a00000| Untracked 
|  42|0x0000000708c00000, 0x0000000708e00000, 0x0000000708e00000|100%| O|  |TAMS 0x0000000708c00000, 0x0000000708c00000| Untracked 
|  43|0x0000000708e00000, 0x0000000709000000, 0x0000000709000000|100%| O|  |TAMS 0x0000000708e00000, 0x0000000708e00000| Untracked 
|  44|0x0000000709000000, 0x0000000709200000, 0x0000000709200000|100%| O|  |TAMS 0x0000000709000000, 0x0000000709000000| Untracked 
|  45|0x0000000709200000, 0x0000000709400000, 0x0000000709400000|100%| O|  |TAMS 0x0000000709200000, 0x0000000709200000| Untracked 
|  46|0x0000000709400000, 0x0000000709600000, 0x0000000709600000|100%| O|  |TAMS 0x0000000709400000, 0x0000000709400000| Untracked 
|  47|0x0000000709600000, 0x0000000709800000, 0x0000000709800000|100%| O|  |TAMS 0x0000000709600000, 0x0000000709600000| Untracked 
|  48|0x0000000709800000, 0x0000000709a00000, 0x0000000709a00000|100%| O|  |TAMS 0x0000000709800000, 0x0000000709800000| Untracked 
|  49|0x0000000709a00000, 0x0000000709c00000, 0x0000000709c00000|100%| O|  |TAMS 0x0000000709a00000, 0x0000000709a00000| Untracked 
|  50|0x0000000709c00000, 0x0000000709e00000, 0x0000000709e00000|100%| O|  |TAMS 0x0000000709c00000, 0x0000000709c00000| Untracked 
|  51|0x0000000709e00000, 0x000000070a000000, 0x000000070a000000|100%| O|  |TAMS 0x0000000709e00000, 0x0000000709e00000| Untracked 
|  52|0x000000070a000000, 0x000000070a200000, 0x000000070a200000|100%| O|  |TAMS 0x000000070a000000, 0x000000070a000000| Untracked 
|  53|0x000000070a200000, 0x000000070a400000, 0x000000070a400000|100%| O|  |TAMS 0x000000070a200000, 0x000000070a200000| Untracked 
|  54|0x000000070a400000, 0x000000070a5b8e00, 0x000000070a600000| 86%| O|  |TAMS 0x000000070a400000, 0x000000070a400000| Untracked 
|  55|0x000000070a600000, 0x000000070a600000, 0x000000070a800000|  0%| F|  |TAMS 0x000000070a600000, 0x000000070a600000| Untracked 
|  56|0x000000070a800000, 0x000000070a800000, 0x000000070aa00000|  0%| F|  |TAMS 0x000000070a800000, 0x000000070a800000| Untracked 
|  57|0x000000070aa00000, 0x000000070aa00000, 0x000000070ac00000|  0%| F|  |TAMS 0x000000070aa00000, 0x000000070aa00000| Untracked 
|  58|0x000000070ac00000, 0x000000070ac00000, 0x000000070ae00000|  0%| F|  |TAMS 0x000000070ac00000, 0x000000070ac00000| Untracked 
|  59|0x000000070ae00000, 0x000000070ae00000, 0x000000070b000000|  0%| F|  |TAMS 0x000000070ae00000, 0x000000070ae00000| Untracked 
|  60|0x000000070b000000, 0x000000070b000000, 0x000000070b200000|  0%| F|  |TAMS 0x000000070b000000, 0x000000070b000000| Untracked 
|  61|0x000000070b200000, 0x000000070b200000, 0x000000070b400000|  0%| F|  |TAMS 0x000000070b200000, 0x000000070b200000| Untracked 
|  62|0x000000070b400000, 0x000000070b400000, 0x000000070b600000|  0%| F|  |TAMS 0x000000070b400000, 0x000000070b400000| Untracked 
|  63|0x000000070b600000, 0x000000070b600000, 0x000000070b800000|  0%| F|  |TAMS 0x000000070b600000, 0x000000070b600000| Untracked 
|  64|0x000000070b800000, 0x000000070b800000, 0x000000070ba00000|  0%| F|  |TAMS 0x000000070b800000, 0x000000070b800000| Untracked 
|  65|0x000000070ba00000, 0x000000070ba00000, 0x000000070bc00000|  0%| F|  |TAMS 0x000000070ba00000, 0x000000070ba00000| Untracked 
|  66|0x000000070bc00000, 0x000000070bc00000, 0x000000070be00000|  0%| F|  |TAMS 0x000000070bc00000, 0x000000070bc00000| Untracked 
|  67|0x000000070be00000, 0x000000070be00000, 0x000000070c000000|  0%| F|  |TAMS 0x000000070be00000, 0x000000070be00000| Untracked 
|  68|0x000000070c000000, 0x000000070c000000, 0x000000070c200000|  0%| F|  |TAMS 0x000000070c000000, 0x000000070c000000| Untracked 
|  69|0x000000070c200000, 0x000000070c200000, 0x000000070c400000|  0%| F|  |TAMS 0x000000070c200000, 0x000000070c200000| Untracked 
|  70|0x000000070c400000, 0x000000070c400000, 0x000000070c600000|  0%| F|  |TAMS 0x000000070c400000, 0x000000070c400000| Untracked 
|  71|0x000000070c600000, 0x000000070c600000, 0x000000070c800000|  0%| F|  |TAMS 0x000000070c600000, 0x000000070c600000| Untracked 
|  72|0x000000070c800000, 0x000000070c800000, 0x000000070ca00000|  0%| F|  |TAMS 0x000000070c800000, 0x000000070c800000| Untracked 
|  73|0x000000070ca00000, 0x000000070ca00000, 0x000000070cc00000|  0%| F|  |TAMS 0x000000070ca00000, 0x000000070ca00000| Untracked 
|  74|0x000000070cc00000, 0x000000070cc00000, 0x000000070ce00000|  0%| F|  |TAMS 0x000000070cc00000, 0x000000070cc00000| Untracked 
|  75|0x000000070ce00000, 0x000000070ce00000, 0x000000070d000000|  0%| F|  |TAMS 0x000000070ce00000, 0x000000070ce00000| Untracked 
|  76|0x000000070d000000, 0x000000070d1f8b00, 0x000000070d200000| 98%| S|CS|TAMS 0x000000070d000000, 0x000000070d000000| Complete 
|  77|0x000000070d200000, 0x000000070d400000, 0x000000070d400000|100%| S|CS|TAMS 0x000000070d200000, 0x000000070d200000| Complete 
|  78|0x000000070d400000, 0x000000070d400000, 0x000000070d600000|  0%| F|  |TAMS 0x000000070d400000, 0x000000070d400000| Untracked 
|  79|0x000000070d600000, 0x000000070d600000, 0x000000070d800000|  0%| F|  |TAMS 0x000000070d600000, 0x000000070d600000| Untracked 
|  80|0x000000070d800000, 0x000000070d800000, 0x000000070da00000|  0%| F|  |TAMS 0x000000070d800000, 0x000000070d800000| Untracked 
|  81|0x000000070da00000, 0x000000070da00000, 0x000000070dc00000|  0%| F|  |TAMS 0x000000070da00000, 0x000000070da00000| Untracked 
|  82|0x000000070dc00000, 0x000000070de00000, 0x000000070de00000|100%| S|CS|TAMS 0x000000070dc00000, 0x000000070dc00000| Complete 
|  83|0x000000070de00000, 0x000000070e000000, 0x000000070e000000|100%| S|CS|TAMS 0x000000070de00000, 0x000000070de00000| Complete 
|  84|0x000000070e000000, 0x000000070e200000, 0x000000070e200000|100%| S|CS|TAMS 0x000000070e000000, 0x000000070e000000| Complete 
|  85|0x000000070e200000, 0x000000070e200000, 0x000000070e400000|  0%| F|  |TAMS 0x000000070e200000, 0x000000070e200000| Untracked 
|  86|0x000000070e400000, 0x000000070e400000, 0x000000070e600000|  0%| F|  |TAMS 0x000000070e400000, 0x000000070e400000| Untracked 
|  87|0x000000070e600000, 0x000000070e600000, 0x000000070e800000|  0%| F|  |TAMS 0x000000070e600000, 0x000000070e600000| Untracked 
|  88|0x000000070e800000, 0x000000070e800000, 0x000000070ea00000|  0%| F|  |TAMS 0x000000070e800000, 0x000000070e800000| Untracked 
|  89|0x000000070ea00000, 0x000000070ea00000, 0x000000070ec00000|  0%| F|  |TAMS 0x000000070ea00000, 0x000000070ea00000| Untracked 
|  90|0x000000070ec00000, 0x000000070ec00000, 0x000000070ee00000|  0%| F|  |TAMS 0x000000070ec00000, 0x000000070ec00000| Untracked 
|  91|0x000000070ee00000, 0x000000070ee00000, 0x000000070f000000|  0%| F|  |TAMS 0x000000070ee00000, 0x000000070ee00000| Untracked 
|  92|0x000000070f000000, 0x000000070f000000, 0x000000070f200000|  0%| F|  |TAMS 0x000000070f000000, 0x000000070f000000| Untracked 
|  93|0x000000070f200000, 0x000000070f200000, 0x000000070f400000|  0%| F|  |TAMS 0x000000070f200000, 0x000000070f200000| Untracked 
|  94|0x000000070f400000, 0x000000070f400000, 0x000000070f600000|  0%| F|  |TAMS 0x000000070f400000, 0x000000070f400000| Untracked 
|  95|0x000000070f600000, 0x000000070f600000, 0x000000070f800000|  0%| F|  |TAMS 0x000000070f600000, 0x000000070f600000| Untracked 
|  96|0x000000070f800000, 0x000000070f800000, 0x000000070fa00000|  0%| F|  |TAMS 0x000000070f800000, 0x000000070f800000| Untracked 
|  97|0x000000070fa00000, 0x000000070fa00000, 0x000000070fc00000|  0%| F|  |TAMS 0x000000070fa00000, 0x000000070fa00000| Untracked 
|  98|0x000000070fc00000, 0x000000070fc00000, 0x000000070fe00000|  0%| F|  |TAMS 0x000000070fc00000, 0x000000070fc00000| Untracked 
|  99|0x000000070fe00000, 0x000000070fe00000, 0x0000000710000000|  0%| F|  |TAMS 0x000000070fe00000, 0x000000070fe00000| Untracked 
| 100|0x0000000710000000, 0x0000000710000000, 0x0000000710200000|  0%| F|  |TAMS 0x0000000710000000, 0x0000000710000000| Untracked 
| 101|0x0000000710200000, 0x0000000710200000, 0x0000000710400000|  0%| F|  |TAMS 0x0000000710200000, 0x0000000710200000| Untracked 
| 102|0x0000000710400000, 0x0000000710400000, 0x0000000710600000|  0%| F|  |TAMS 0x0000000710400000, 0x0000000710400000| Untracked 
| 103|0x0000000710600000, 0x0000000710600000, 0x0000000710800000|  0%| F|  |TAMS 0x0000000710600000, 0x0000000710600000| Untracked 
| 104|0x0000000710800000, 0x0000000710800000, 0x0000000710a00000|  0%| F|  |TAMS 0x0000000710800000, 0x0000000710800000| Untracked 
| 105|0x0000000710a00000, 0x0000000710a00000, 0x0000000710c00000|  0%| F|  |TAMS 0x0000000710a00000, 0x0000000710a00000| Untracked 
| 106|0x0000000710c00000, 0x0000000710c00000, 0x0000000710e00000|  0%| F|  |TAMS 0x0000000710c00000, 0x0000000710c00000| Untracked 
| 107|0x0000000710e00000, 0x0000000710e00000, 0x0000000711000000|  0%| F|  |TAMS 0x0000000710e00000, 0x0000000710e00000| Untracked 
| 108|0x0000000711000000, 0x0000000711000000, 0x0000000711200000|  0%| F|  |TAMS 0x0000000711000000, 0x0000000711000000| Untracked 
| 109|0x0000000711200000, 0x0000000711200000, 0x0000000711400000|  0%| F|  |TAMS 0x0000000711200000, 0x0000000711200000| Untracked 
| 110|0x0000000711400000, 0x0000000711400000, 0x0000000711600000|  0%| F|  |TAMS 0x0000000711400000, 0x0000000711400000| Untracked 
| 111|0x0000000711600000, 0x0000000711600000, 0x0000000711800000|  0%| F|  |TAMS 0x0000000711600000, 0x0000000711600000| Untracked 
| 112|0x0000000711800000, 0x0000000711800000, 0x0000000711a00000|  0%| F|  |TAMS 0x0000000711800000, 0x0000000711800000| Untracked 
| 113|0x0000000711a00000, 0x0000000711a00000, 0x0000000711c00000|  0%| F|  |TAMS 0x0000000711a00000, 0x0000000711a00000| Untracked 
| 114|0x0000000711c00000, 0x0000000711c00000, 0x0000000711e00000|  0%| F|  |TAMS 0x0000000711c00000, 0x0000000711c00000| Untracked 
| 115|0x0000000711e00000, 0x0000000711e00000, 0x0000000712000000|  0%| F|  |TAMS 0x0000000711e00000, 0x0000000711e00000| Untracked 
| 116|0x0000000712000000, 0x0000000712000000, 0x0000000712200000|  0%| F|  |TAMS 0x0000000712000000, 0x0000000712000000| Untracked 
| 117|0x0000000712200000, 0x0000000712200000, 0x0000000712400000|  0%| F|  |TAMS 0x0000000712200000, 0x0000000712200000| Untracked 
| 118|0x0000000712400000, 0x0000000712400000, 0x0000000712600000|  0%| F|  |TAMS 0x0000000712400000, 0x0000000712400000| Untracked 
| 119|0x0000000712600000, 0x0000000712600000, 0x0000000712800000|  0%| F|  |TAMS 0x0000000712600000, 0x0000000712600000| Untracked 
| 120|0x0000000712800000, 0x0000000712800000, 0x0000000712a00000|  0%| F|  |TAMS 0x0000000712800000, 0x0000000712800000| Untracked 
| 121|0x0000000712a00000, 0x0000000712a00000, 0x0000000712c00000|  0%| F|  |TAMS 0x0000000712a00000, 0x0000000712a00000| Untracked 
| 122|0x0000000712c00000, 0x0000000712c00000, 0x0000000712e00000|  0%| F|  |TAMS 0x0000000712c00000, 0x0000000712c00000| Untracked 
| 123|0x0000000712e00000, 0x0000000712e00000, 0x0000000713000000|  0%| F|  |TAMS 0x0000000712e00000, 0x0000000712e00000| Untracked 
| 124|0x0000000713000000, 0x0000000713000000, 0x0000000713200000|  0%| F|  |TAMS 0x0000000713000000, 0x0000000713000000| Untracked 
| 125|0x0000000713200000, 0x0000000713200000, 0x0000000713400000|  0%| F|  |TAMS 0x0000000713200000, 0x0000000713200000| Untracked 
| 126|0x0000000713400000, 0x0000000713400000, 0x0000000713600000|  0%| F|  |TAMS 0x0000000713400000, 0x0000000713400000| Untracked 
| 127|0x0000000713600000, 0x0000000713600000, 0x0000000713800000|  0%| F|  |TAMS 0x0000000713600000, 0x0000000713600000| Untracked 
| 128|0x0000000713800000, 0x0000000713800000, 0x0000000713a00000|  0%| F|  |TAMS 0x0000000713800000, 0x0000000713800000| Untracked 
| 129|0x0000000713a00000, 0x0000000713a00000, 0x0000000713c00000|  0%| F|  |TAMS 0x0000000713a00000, 0x0000000713a00000| Untracked 
| 130|0x0000000713c00000, 0x0000000713c00000, 0x0000000713e00000|  0%| F|  |TAMS 0x0000000713c00000, 0x0000000713c00000| Untracked 
| 131|0x0000000713e00000, 0x0000000713e00000, 0x0000000714000000|  0%| F|  |TAMS 0x0000000713e00000, 0x0000000713e00000| Untracked 
| 132|0x0000000714000000, 0x0000000714000000, 0x0000000714200000|  0%| F|  |TAMS 0x0000000714000000, 0x0000000714000000| Untracked 
| 133|0x0000000714200000, 0x0000000714200000, 0x0000000714400000|  0%| F|  |TAMS 0x0000000714200000, 0x0000000714200000| Untracked 
| 134|0x0000000714400000, 0x0000000714400000, 0x0000000714600000|  0%| F|  |TAMS 0x0000000714400000, 0x0000000714400000| Untracked 
| 135|0x0000000714600000, 0x0000000714600000, 0x0000000714800000|  0%| F|  |TAMS 0x0000000714600000, 0x0000000714600000| Untracked 
| 136|0x0000000714800000, 0x0000000714800000, 0x0000000714a00000|  0%| F|  |TAMS 0x0000000714800000, 0x0000000714800000| Untracked 
| 137|0x0000000714a00000, 0x0000000714a00000, 0x0000000714c00000|  0%| F|  |TAMS 0x0000000714a00000, 0x0000000714a00000| Untracked 
| 138|0x0000000714c00000, 0x0000000714d712a8, 0x0000000714e00000| 72%| E|  |TAMS 0x0000000714c00000, 0x0000000714c00000| Complete 
| 139|0x0000000714e00000, 0x0000000715000000, 0x0000000715000000|100%| E|CS|TAMS 0x0000000714e00000, 0x0000000714e00000| Complete 
| 140|0x0000000715000000, 0x0000000715200000, 0x0000000715200000|100%| E|CS|TAMS 0x0000000715000000, 0x0000000715000000| Complete 
| 141|0x0000000715200000, 0x0000000715400000, 0x0000000715400000|100%| E|CS|TAMS 0x0000000715200000, 0x0000000715200000| Complete 
| 142|0x0000000715400000, 0x0000000715600000, 0x0000000715600000|100%| E|CS|TAMS 0x0000000715400000, 0x0000000715400000| Complete 
| 143|0x0000000715600000, 0x0000000715800000, 0x0000000715800000|100%| E|CS|TAMS 0x0000000715600000, 0x0000000715600000| Complete 
| 144|0x0000000715800000, 0x0000000715a00000, 0x0000000715a00000|100%| E|CS|TAMS 0x0000000715800000, 0x0000000715800000| Complete 
| 145|0x0000000715a00000, 0x0000000715c00000, 0x0000000715c00000|100%| E|CS|TAMS 0x0000000715a00000, 0x0000000715a00000| Complete 
| 146|0x0000000715c00000, 0x0000000715e00000, 0x0000000715e00000|100%| E|CS|TAMS 0x0000000715c00000, 0x0000000715c00000| Complete 
| 147|0x0000000715e00000, 0x0000000716000000, 0x0000000716000000|100%| E|CS|TAMS 0x0000000715e00000, 0x0000000715e00000| Complete 
| 148|0x0000000716000000, 0x0000000716200000, 0x0000000716200000|100%| E|CS|TAMS 0x0000000716000000, 0x0000000716000000| Complete 
| 149|0x0000000716200000, 0x0000000716400000, 0x0000000716400000|100%| E|CS|TAMS 0x0000000716200000, 0x0000000716200000| Complete 
| 150|0x0000000716400000, 0x0000000716600000, 0x0000000716600000|100%| E|CS|TAMS 0x0000000716400000, 0x0000000716400000| Complete 
| 151|0x0000000716600000, 0x0000000716800000, 0x0000000716800000|100%| E|CS|TAMS 0x0000000716600000, 0x0000000716600000| Complete 
| 152|0x0000000716800000, 0x0000000716a00000, 0x0000000716a00000|100%| E|CS|TAMS 0x0000000716800000, 0x0000000716800000| Complete 
| 153|0x0000000716a00000, 0x0000000716c00000, 0x0000000716c00000|100%| E|CS|TAMS 0x0000000716a00000, 0x0000000716a00000| Complete 
| 154|0x0000000716c00000, 0x0000000716e00000, 0x0000000716e00000|100%| E|CS|TAMS 0x0000000716c00000, 0x0000000716c00000| Complete 
| 155|0x0000000716e00000, 0x0000000717000000, 0x0000000717000000|100%| E|CS|TAMS 0x0000000716e00000, 0x0000000716e00000| Complete 
| 156|0x0000000717000000, 0x0000000717200000, 0x0000000717200000|100%| E|CS|TAMS 0x0000000717000000, 0x0000000717000000| Complete 
| 157|0x0000000717200000, 0x0000000717400000, 0x0000000717400000|100%| E|CS|TAMS 0x0000000717200000, 0x0000000717200000| Complete 
| 158|0x0000000717400000, 0x0000000717600000, 0x0000000717600000|100%| E|CS|TAMS 0x0000000717400000, 0x0000000717400000| Complete 
| 159|0x0000000717600000, 0x0000000717800000, 0x0000000717800000|100%| E|CS|TAMS 0x0000000717600000, 0x0000000717600000| Complete 
| 160|0x0000000717800000, 0x0000000717a00000, 0x0000000717a00000|100%| E|CS|TAMS 0x0000000717800000, 0x0000000717800000| Complete 
| 161|0x0000000717a00000, 0x0000000717c00000, 0x0000000717c00000|100%| E|CS|TAMS 0x0000000717a00000, 0x0000000717a00000| Complete 
| 162|0x0000000717c00000, 0x0000000717e00000, 0x0000000717e00000|100%| E|CS|TAMS 0x0000000717c00000, 0x0000000717c00000| Complete 
| 163|0x0000000717e00000, 0x0000000718000000, 0x0000000718000000|100%| E|CS|TAMS 0x0000000717e00000, 0x0000000717e00000| Complete 
| 164|0x0000000718000000, 0x0000000718200000, 0x0000000718200000|100%| E|CS|TAMS 0x0000000718000000, 0x0000000718000000| Complete 
| 165|0x0000000718200000, 0x0000000718400000, 0x0000000718400000|100%| E|CS|TAMS 0x0000000718200000, 0x0000000718200000| Complete 
| 166|0x0000000718400000, 0x0000000718600000, 0x0000000718600000|100%| E|CS|TAMS 0x0000000718400000, 0x0000000718400000| Complete 
| 167|0x0000000718600000, 0x0000000718800000, 0x0000000718800000|100%| E|CS|TAMS 0x0000000718600000, 0x0000000718600000| Complete 
| 168|0x0000000718800000, 0x0000000718a00000, 0x0000000718a00000|100%| E|  |TAMS 0x0000000718800000, 0x0000000718800000| Complete 
| 169|0x0000000718a00000, 0x0000000718c00000, 0x0000000718c00000|100%| E|CS|TAMS 0x0000000718a00000, 0x0000000718a00000| Complete 
| 170|0x0000000718c00000, 0x0000000718e00000, 0x0000000718e00000|100%| E|CS|TAMS 0x0000000718c00000, 0x0000000718c00000| Complete 
| 171|0x0000000718e00000, 0x0000000719000000, 0x0000000719000000|100%| E|CS|TAMS 0x0000000718e00000, 0x0000000718e00000| Complete 
| 172|0x0000000719000000, 0x0000000719200000, 0x0000000719200000|100%| E|CS|TAMS 0x0000000719000000, 0x0000000719000000| Complete 
| 173|0x0000000719200000, 0x0000000719400000, 0x0000000719400000|100%| E|CS|TAMS 0x0000000719200000, 0x0000000719200000| Complete 
| 174|0x0000000719400000, 0x0000000719600000, 0x0000000719600000|100%| E|CS|TAMS 0x0000000719400000, 0x0000000719400000| Complete 
| 175|0x0000000719600000, 0x0000000719800000, 0x0000000719800000|100%| E|CS|TAMS 0x0000000719600000, 0x0000000719600000| Complete 
| 176|0x0000000719800000, 0x0000000719a00000, 0x0000000719a00000|100%| E|CS|TAMS 0x0000000719800000, 0x0000000719800000| Complete 
| 177|0x0000000719a00000, 0x0000000719c00000, 0x0000000719c00000|100%| E|CS|TAMS 0x0000000719a00000, 0x0000000719a00000| Complete 
| 178|0x0000000719c00000, 0x0000000719e00000, 0x0000000719e00000|100%| E|CS|TAMS 0x0000000719c00000, 0x0000000719c00000| Complete 
| 179|0x0000000719e00000, 0x000000071a000000, 0x000000071a000000|100%| E|CS|TAMS 0x0000000719e00000, 0x0000000719e00000| Complete 
| 180|0x000000071a000000, 0x000000071a200000, 0x000000071a200000|100%| E|CS|TAMS 0x000000071a000000, 0x000000071a000000| Complete 
| 181|0x000000071a200000, 0x000000071a400000, 0x000000071a400000|100%| E|CS|TAMS 0x000000071a200000, 0x000000071a200000| Complete 
| 182|0x000000071a400000, 0x000000071a600000, 0x000000071a600000|100%| E|CS|TAMS 0x000000071a400000, 0x000000071a400000| Complete 
| 183|0x000000071a600000, 0x000000071a800000, 0x000000071a800000|100%| E|CS|TAMS 0x000000071a600000, 0x000000071a600000| Complete 
| 184|0x000000071a800000, 0x000000071aa00000, 0x000000071aa00000|100%| E|CS|TAMS 0x000000071a800000, 0x000000071a800000| Complete 
| 185|0x000000071aa00000, 0x000000071ac00000, 0x000000071ac00000|100%| E|CS|TAMS 0x000000071aa00000, 0x000000071aa00000| Complete 
| 186|0x000000071ac00000, 0x000000071ae00000, 0x000000071ae00000|100%| E|CS|TAMS 0x000000071ac00000, 0x000000071ac00000| Complete 
| 187|0x000000071ae00000, 0x000000071b000000, 0x000000071b000000|100%| E|CS|TAMS 0x000000071ae00000, 0x000000071ae00000| Complete 
| 188|0x000000071b000000, 0x000000071b200000, 0x000000071b200000|100%| E|CS|TAMS 0x000000071b000000, 0x000000071b000000| Complete 
| 189|0x000000071b200000, 0x000000071b400000, 0x000000071b400000|100%| E|CS|TAMS 0x000000071b200000, 0x000000071b200000| Complete 
| 190|0x000000071b400000, 0x000000071b600000, 0x000000071b600000|100%| E|CS|TAMS 0x000000071b400000, 0x000000071b400000| Complete 
| 191|0x000000071b600000, 0x000000071b800000, 0x000000071b800000|100%| E|CS|TAMS 0x000000071b600000, 0x000000071b600000| Complete 
| 192|0x000000071b800000, 0x000000071ba00000, 0x000000071ba00000|100%| E|CS|TAMS 0x000000071b800000, 0x000000071b800000| Complete 
| 193|0x000000071ba00000, 0x000000071bc00000, 0x000000071bc00000|100%| E|CS|TAMS 0x000000071ba00000, 0x000000071ba00000| Complete 
| 194|0x000000071bc00000, 0x000000071be00000, 0x000000071be00000|100%| E|CS|TAMS 0x000000071bc00000, 0x000000071bc00000| Complete 
| 195|0x000000071be00000, 0x000000071c000000, 0x000000071c000000|100%| E|CS|TAMS 0x000000071be00000, 0x000000071be00000| Complete 
| 196|0x000000071c000000, 0x000000071c200000, 0x000000071c200000|100%| E|CS|TAMS 0x000000071c000000, 0x000000071c000000| Complete 
| 197|0x000000071c200000, 0x000000071c400000, 0x000000071c400000|100%| E|CS|TAMS 0x000000071c200000, 0x000000071c200000| Complete 
| 198|0x000000071c400000, 0x000000071c600000, 0x000000071c600000|100%| E|CS|TAMS 0x000000071c400000, 0x000000071c400000| Complete 
| 199|0x000000071c600000, 0x000000071c800000, 0x000000071c800000|100%| E|CS|TAMS 0x000000071c600000, 0x000000071c600000| Complete 
| 200|0x000000071c800000, 0x000000071ca00000, 0x000000071ca00000|100%| E|CS|TAMS 0x000000071c800000, 0x000000071c800000| Complete 
|2014|0x00000007ff400000, 0x00000007ff600000, 0x00000007ff600000|100%| O|  |TAMS 0x00000007ff400000, 0x00000007ff400000| Untracked 
|2015|0x00000007ff600000, 0x00000007ff800000, 0x00000007ff800000|100%| O|  |TAMS 0x00000007ff600000, 0x00000007ff600000| Untracked 
|2016|0x00000007ff800000, 0x00000007ffa00000, 0x00000007ffa00000|100%| O|  |TAMS 0x00000007ff800000, 0x00000007ff800000| Untracked 
|2017|0x00000007ffa00000, 0x00000007ffc00000, 0x00000007ffc00000|100%| O|  |TAMS 0x00000007ffa00000, 0x00000007ffa00000| Untracked 
|2018|0x00000007ffc00000, 0x00000007ffe00000, 0x00000007ffe00000|100%| O|  |TAMS 0x00000007ffc00000, 0x00000007ffc00000| Untracked 
|2019|0x00000007ffe00000, 0x0000000800000000, 0x0000000800000000|100%| O|  |TAMS 0x00000007ffe00000, 0x00000007ffe00000| Untracked 

Card table byte_map: [0x00000264faa70000,0x00000264fb260000] _byte_map_base: 0x00000264f7254000

Marking Bits (Prev, Next): (CMBitMap*) 0x00000264f3603c50, (CMBitMap*) 0x00000264f3603c10
 Prev Bits: [0x0000026480000000, 0x0000026483f20000)
 Next Bits: [0x00000264fba50000, 0x00000264ff970000)

Polling page: 0x00000264f14e0000

Metaspace:

Usage:
  Non-class:     83.40 MB used.
      Class:     13.45 MB used.
       Both:     96.84 MB used.

Virtual space:
  Non-class space:       88.00 MB reserved,      83.75 MB ( 95%) committed,  11 nodes.
      Class space:        1.00 GB reserved,      13.81 MB (  1%) committed,  1 nodes.
             Both:        1.09 GB reserved,      97.56 MB (  9%) committed. 

Chunk freelists:
   Non-Class:  129.00 KB
       Class:  2.07 MB
        Both:  2.19 MB

MaxMetaspaceSize: unlimited
CompressedClassSpaceSize: 1.00 GB
Initial GC threshold: 21.00 MB
Current GC threshold: 98.12 MB
CDS: off
MetaspaceReclaimPolicy: balanced
 - commit_granule_bytes: 65536.
 - commit_granule_words: 8192.
 - virtual_space_node_default_size: 1048576.
 - enlarge_chunks_in_place: 1.
 - new_chunks_are_fully_committed: 0.
 - uncommit_free_chunks: 1.
 - use_allocation_guard: 0.
 - handle_deallocations: 1.


Internal statistics:

num_allocs_failed_limit: 9.
num_arena_births: 1204.
num_arena_deaths: 0.
num_vsnodes_births: 12.
num_vsnodes_deaths: 0.
num_space_committed: 1561.
num_space_uncommitted: 0.
num_chunks_returned_to_freelist: 9.
num_chunks_taken_from_freelist: 4582.
num_chunk_merges: 9.
num_chunk_splits: 3308.
num_chunks_enlarged: 2554.
num_purges: 0.
num_inconsistent_stats: 0.

CodeCache: size=49152Kb used=20895Kb max_used=24703Kb free=28256Kb
 bounds [0x00000264f6c20000, 0x00000264f84a0000, 0x00000264f9c20000]
 total_blobs=12306 nmethods=11593 adapters=638
 compilation: enabled
              stopped_count=0, restarted_count=0
 full_count=0

Compilation events (20 events):
Event: 1760.714 Thread 0x0000026486a7d430 11751       1       java.lang.management.ManagementFactory$PlatformMBeanFinder::lambda$findSingleton$1 (13 bytes)
Event: 1760.714 Thread 0x0000026486a7d430 nmethod 11751 0x00000264f72fc290 code [0x00000264f72fc440, 0x00000264f72fc538]
Event: 1760.750 Thread 0x0000026486a7d430 11752       1       org.postgresql.shaded.com.ongres.scram.common.StringWritable::<init> (5 bytes)
Event: 1760.750 Thread 0x0000026486a7d430 nmethod 11752 0x00000264f72fbf90 code [0x00000264f72fc120, 0x00000264f72fc1d8]
Event: 1760.752 Thread 0x0000026486a7d430 11753       1       org.postgresql.jdbc.PgConnection::checkClosed (29 bytes)
Event: 1760.752 Thread 0x0000026486a7d430 nmethod 11753 0x00000264f72fb710 code [0x00000264f72fb8e0, 0x00000264f72fbcc8]
Event: 1763.178 Thread 0x0000026486a7d430 11754       1       java.text.DecimalFormatSymbols::getZeroDigit (5 bytes)
Event: 1763.179 Thread 0x0000026486a7d430 nmethod 11754 0x00000264f72fb410 code [0x00000264f72fb5a0, 0x00000264f72fb678]
Event: 1763.381 Thread 0x0000026486a7d430 11755       1       java.lang.StringUTF16$CharsSpliterator::characteristics (5 bytes)
Event: 1763.381 Thread 0x0000026486a7d430 nmethod 11755 0x00000264f72fb110 code [0x00000264f72fb2a0, 0x00000264f72fb378]
Event: 1763.393 Thread 0x0000026486a7d430 11756       1       sun.security.jca.ProviderList$ServiceList::tryGet (304 bytes)
Event: 1763.394 Thread 0x0000026486a7d430 nmethod 11756 0x00000264f72f9f90 code [0x00000264f72fa240, 0x00000264f72faab8]
Event: 1763.396 Thread 0x0000026486a7d430 11757       1       sun.util.locale.provider.LocaleProviderAdapter::getAdapter (177 bytes)
Event: 1763.396 Thread 0x0000026486a7d430 nmethod 11757 0x00000264f72f9010 code [0x00000264f72f92a0, 0x00000264f72f9a68]
Event: 1763.396 Thread 0x0000026486a7d430 11760       1       java.util.Hashtable$Enumerator::hasMoreElements (53 bytes)
Event: 1763.396 Thread 0x0000026486a7d430 nmethod 11760 0x00000264f72f8c10 code [0x00000264f72f8da0, 0x00000264f72f8f38]
Event: 1763.396 Thread 0x0000026486a7d430 11758       1       java.text.DecimalFormat::expandAffix (200 bytes)
Event: 1763.397 Thread 0x0000026486a7d430 nmethod 11758 0x00000264f72f6d10 code [0x00000264f72f7020, 0x00000264f72f81b8]
Event: 1763.397 Thread 0x0000026486a7d430 11759       1       java.text.NumberFormat::setGroupingUsed (6 bytes)
Event: 1763.397 Thread 0x0000026486a7d430 nmethod 11759 0x00000264f72f6a10 code [0x00000264f72f6ba0, 0x00000264f72f6c78]

GC Heap History (20 events):
Event: 6.434 GC heap before
{Heap before GC invocations=26 (full 0):
 garbage-first heap   total 178176K, used 148309K [0x0000000703800000, 0x0000000800000000)
  region size 2048K, 52 young (106496K), 2 survivors (4096K)
 Metaspace       used 82837K, committed 83456K, reserved 1122304K
  class space    used 11405K, committed 11712K, reserved 1048576K
}
Event: 6.437 GC heap after
{Heap after GC invocations=27 (full 0):
 garbage-first heap   total 178176K, used 46936K [0x0000000703800000, 0x0000000800000000)
  region size 2048K, 3 young (6144K), 3 survivors (6144K)
 Metaspace       used 82837K, committed 83456K, reserved 1122304K
  class space    used 11405K, committed 11712K, reserved 1048576K
}
Event: 6.604 GC heap before
{Heap before GC invocations=27 (full 0):
 garbage-first heap   total 178176K, used 147288K [0x0000000703800000, 0x0000000800000000)
  region size 2048K, 52 young (106496K), 3 survivors (6144K)
 Metaspace       used 82871K, committed 83520K, reserved 1122304K
  class space    used 11414K, committed 11712K, reserved 1048576K
}
Event: 6.610 GC heap after
{Heap after GC invocations=28 (full 0):
 garbage-first heap   total 178176K, used 55845K [0x0000000703800000, 0x0000000800000000)
  region size 2048K, 7 young (14336K), 7 survivors (14336K)
 Metaspace       used 82871K, committed 83520K, reserved 1122304K
  class space    used 11414K, committed 11712K, reserved 1048576K
}
Event: 6.761 GC heap before
{Heap before GC invocations=28 (full 0):
 garbage-first heap   total 178176K, used 143909K [0x0000000703800000, 0x0000000800000000)
  region size 2048K, 49 young (100352K), 7 survivors (14336K)
 Metaspace       used 82871K, committed 83520K, reserved 1122304K
  class space    used 11414K, committed 11712K, reserved 1048576K
}
Event: 6.781 GC heap after
{Heap after GC invocations=29 (full 0):
 garbage-first heap   total 190464K, used 87966K [0x0000000703800000, 0x0000000800000000)
  region size 2048K, 7 young (14336K), 7 survivors (14336K)
 Metaspace       used 82871K, committed 83520K, reserved 1122304K
  class space    used 11414K, committed 11712K, reserved 1048576K
}
Event: 6.877 GC heap before
{Heap before GC invocations=29 (full 0):
 garbage-first heap   total 190464K, used 141214K [0x0000000703800000, 0x0000000800000000)
  region size 2048K, 33 young (67584K), 7 survivors (14336K)
 Metaspace       used 82872K, committed 83520K, reserved 1122304K
  class space    used 11414K, committed 11712K, reserved 1048576K
}
Event: 6.891 GC heap after
{Heap after GC invocations=30 (full 0):
 garbage-first heap   total 284672K, used 106952K [0x0000000703800000, 0x0000000800000000)
  region size 2048K, 5 young (10240K), 5 survivors (10240K)
 Metaspace       used 82872K, committed 83520K, reserved 1122304K
  class space    used 11414K, committed 11712K, reserved 1048576K
}
Event: 7.183 GC heap before
{Heap before GC invocations=30 (full 0):
 garbage-first heap   total 284672K, used 192968K [0x0000000703800000, 0x0000000800000000)
  region size 2048K, 47 young (96256K), 5 survivors (10240K)
 Metaspace       used 83090K, committed 83648K, reserved 1122304K
  class space    used 11446K, committed 11712K, reserved 1048576K
}
Event: 7.195 GC heap after
{Heap after GC invocations=31 (full 0):
 garbage-first heap   total 284672K, used 120589K [0x0000000703800000, 0x0000000800000000)
  region size 2048K, 6 young (12288K), 6 survivors (12288K)
 Metaspace       used 83090K, committed 83648K, reserved 1122304K
  class space    used 11446K, committed 11712K, reserved 1048576K
}
Event: 7.430 GC heap before
{Heap before GC invocations=31 (full 0):
 garbage-first heap   total 284672K, used 202509K [0x0000000703800000, 0x0000000800000000)
  region size 2048K, 46 young (94208K), 6 survivors (12288K)
 Metaspace       used 83375K, committed 83968K, reserved 1122304K
  class space    used 11482K, committed 11776K, reserved 1048576K
}
Event: 7.435 GC heap after
{Heap after GC invocations=32 (full 0):
 garbage-first heap   total 284672K, used 123541K [0x0000000703800000, 0x0000000800000000)
  region size 2048K, 2 young (4096K), 2 survivors (4096K)
 Metaspace       used 83375K, committed 83968K, reserved 1122304K
  class space    used 11482K, committed 11776K, reserved 1048576K
}
Event: 7.772 GC heap before
{Heap before GC invocations=32 (full 0):
 garbage-first heap   total 284672K, used 209557K [0x0000000703800000, 0x0000000800000000)
  region size 2048K, 44 young (90112K), 2 survivors (4096K)
 Metaspace       used 83798K, committed 84480K, reserved 1122304K
  class space    used 11525K, committed 11840K, reserved 1048576K
}
Event: 7.775 GC heap after
{Heap after GC invocations=33 (full 0):
 garbage-first heap   total 284672K, used 124583K [0x0000000703800000, 0x0000000800000000)
  region size 2048K, 2 young (4096K), 2 survivors (4096K)
 Metaspace       used 83798K, committed 84480K, reserved 1122304K
  class space    used 11525K, committed 11840K, reserved 1048576K
}
Event: 8.121 GC heap before
{Heap before GC invocations=33 (full 0):
 garbage-first heap   total 284672K, used 216743K [0x0000000703800000, 0x0000000800000000)
  region size 2048K, 47 young (96256K), 2 survivors (4096K)
 Metaspace       used 86133K, committed 86784K, reserved 1130496K
  class space    used 11855K, committed 12160K, reserved 1048576K
}
Event: 8.124 GC heap after
{Heap after GC invocations=34 (full 0):
 garbage-first heap   total 284672K, used 127078K [0x0000000703800000, 0x0000000800000000)
  region size 2048K, 4 young (8192K), 4 survivors (8192K)
 Metaspace       used 86133K, committed 86784K, reserved 1130496K
  class space    used 11855K, committed 12160K, reserved 1048576K
}
Event: 8.551 GC heap before
{Heap before GC invocations=34 (full 0):
 garbage-first heap   total 284672K, used 221286K [0x0000000703800000, 0x0000000800000000)
  region size 2048K, 50 young (102400K), 4 survivors (8192K)
 Metaspace       used 88211K, committed 88896K, reserved 1130496K
  class space    used 12190K, committed 12544K, reserved 1048576K
}
Event: 8.556 GC heap after
{Heap after GC invocations=35 (full 0):
 garbage-first heap   total 284672K, used 130202K [0x0000000703800000, 0x0000000800000000)
  region size 2048K, 5 young (10240K), 5 survivors (10240K)
 Metaspace       used 88211K, committed 88896K, reserved 1130496K
  class space    used 12190K, committed 12544K, reserved 1048576K
}
Event: 8.944 GC heap before
{Heap before GC invocations=35 (full 0):
 garbage-first heap   total 284672K, used 226458K [0x0000000703800000, 0x0000000800000000)
  region size 2048K, 52 young (106496K), 5 survivors (10240K)
 Metaspace       used 90900K, committed 91648K, reserved 1130496K
  class space    used 12582K, committed 12928K, reserved 1048576K
}
Event: 8.951 GC heap after
{Heap after GC invocations=36 (full 0):
 garbage-first heap   total 423936K, used 134240K [0x0000000703800000, 0x0000000800000000)
  region size 2048K, 5 young (10240K), 5 survivors (10240K)
 Metaspace       used 90900K, committed 91648K, reserved 1130496K
  class space    used 12582K, committed 12928K, reserved 1048576K
}

Deoptimization events (20 events):
Event: 1618.152 Thread 0x000002648b8a14c0 DEOPT PACKING pc=0x00000264f7857c8c sp=0x00000098ccff99f0
Event: 1618.152 Thread 0x000002648b8a14c0 DEOPT UNPACKING pc=0x00000264f6c72b43 sp=0x00000098ccff8ee0 mode 1
Event: 1618.153 Thread 0x000002648b8a14c0 DEOPT PACKING pc=0x00000264f7a2b934 sp=0x00000098ccffa7c0
Event: 1618.153 Thread 0x000002648b8a14c0 DEOPT UNPACKING pc=0x00000264f6c72b43 sp=0x00000098ccff9ce8 mode 1
Event: 1618.153 Thread 0x000002648b8a14c0 DEOPT PACKING pc=0x00000264f7854c84 sp=0x00000098ccffa8a0
Event: 1618.153 Thread 0x000002648b8a14c0 DEOPT UNPACKING pc=0x00000264f6c72b43 sp=0x00000098ccff9d40 mode 1
Event: 1618.153 Thread 0x000002648b8a14c0 DEOPT PACKING pc=0x00000264f7857c8c sp=0x00000098ccffa8f0
Event: 1618.153 Thread 0x000002648b8a14c0 DEOPT UNPACKING pc=0x00000264f6c72b43 sp=0x00000098ccff9de0 mode 1
Event: 1618.174 Thread 0x000002648e67dc30 DEOPT PACKING pc=0x00000264f7a2b934 sp=0x00000098cd1f9db0
Event: 1618.174 Thread 0x000002648e67dc30 DEOPT UNPACKING pc=0x00000264f6c72b43 sp=0x00000098cd1f92d8 mode 1
Event: 1618.174 Thread 0x000002648e67dc30 DEOPT PACKING pc=0x00000264f7854c84 sp=0x00000098cd1f9e90
Event: 1618.174 Thread 0x000002648e67dc30 DEOPT UNPACKING pc=0x00000264f6c72b43 sp=0x00000098cd1f9330 mode 1
Event: 1618.174 Thread 0x000002648e67dc30 DEOPT PACKING pc=0x00000264f7857c8c sp=0x00000098cd1f9ee0
Event: 1618.174 Thread 0x000002648e67dc30 DEOPT UNPACKING pc=0x00000264f6c72b43 sp=0x00000098cd1f93d0 mode 1
Event: 1618.174 Thread 0x000002648e67dc30 DEOPT PACKING pc=0x00000264f7a2b934 sp=0x00000098cd1facb0
Event: 1618.174 Thread 0x000002648e67dc30 DEOPT UNPACKING pc=0x00000264f6c72b43 sp=0x00000098cd1fa1d8 mode 1
Event: 1618.174 Thread 0x000002648e67dc30 DEOPT PACKING pc=0x00000264f7854c84 sp=0x00000098cd1fad90
Event: 1618.174 Thread 0x000002648e67dc30 DEOPT UNPACKING pc=0x00000264f6c72b43 sp=0x00000098cd1fa230 mode 1
Event: 1618.174 Thread 0x000002648e67dc30 DEOPT PACKING pc=0x00000264f7857c8c sp=0x00000098cd1fade0
Event: 1618.174 Thread 0x000002648e67dc30 DEOPT UNPACKING pc=0x00000264f6c72b43 sp=0x00000098cd1fa2d0 mode 1

Classes unloaded (0 events):
No events

Classes redefined (3 events):
Event: 488.549 Thread 0x000002648611ecf0 redefined class name=in.OAndM.services.impl.AdminSanctionServiceImpl, count=1
Event: 1702.507 Thread 0x000002648611ecf0 redefined class name=in.OAndM.services.impl.AdminSanctionServiceImpl, count=2
Event: 1766.334 Thread 0x000002648611ecf0 redefined class name=in.OAndM.services.impl.AdminSanctionServiceImpl, count=3

Internal exceptions (20 events):
Event: 31.393 Thread 0x0000026488a5ddb0 Exception <a 'java/lang/ClassNotFoundException'{0x000000071a326b50}: org/springframework/context/support/LiveBeansView> (0x000000071a326b50) 
thrown [e:\jenkins\tmp\workspace\build\src\src\hotspot\share\classfile\systemDictionary.cpp, line 256]
Event: 31.395 Thread 0x0000026488a5ddb0 Exception <a 'java/lang/ClassNotFoundException'{0x000000071a373d20}: org/springframework/context/support/LiveBeansView> (0x000000071a373d20) 
thrown [e:\jenkins\tmp\workspace\build\src\src\hotspot\share\classfile\systemDictionary.cpp, line 256]
Event: 31.395 Thread 0x0000026488a5ddb0 Exception <a 'java/lang/ClassNotFoundException'{0x000000071a37b480}: org/springframework/context/support/LiveBeansView> (0x000000071a37b480) 
thrown [e:\jenkins\tmp\workspace\build\src\src\hotspot\share\classfile\systemDictionary.cpp, line 256]
Event: 31.395 Thread 0x0000026488a5ddb0 Exception <a 'java/lang/ClassNotFoundException'{0x000000071a37b830}: org/springframework/context/support/LiveBeansView> (0x000000071a37b830) 
thrown [e:\jenkins\tmp\workspace\build\src\src\hotspot\share\classfile\systemDictionary.cpp, line 256]
Event: 43.449 Thread 0x000002648b8a2800 Exception <a 'java/lang/NoSuchMethodError'{0x0000000719ef8458}: 'java.lang.Object java.lang.invoke.DirectMethodHandle$Holder.invokeSpecial(java.lang.Object, java.lang.Object, java.lang.Object, java.lang.Object, java.lang.Object, long)'> (0x0000000719ef8458) 
thrown [e:\jenkins\tmp\workspace\build\src\src\hotspot\share\interpreter\linkResolver.cpp, line 766]
Event: 43.449 Thread 0x000002648b8a2800 Exception <a 'java/lang/NoSuchMethodError'{0x0000000719efbe98}: 'java.lang.Object java.lang.invoke.Invokers$Holder.linkToTargetMethod(java.lang.Object, java.lang.Object, java.lang.Object, long, java.lang.Object)'> (0x0000000719efbe98) 
thrown [e:\jenkins\tmp\workspace\build\src\src\hotspot\share\interpreter\linkResolver.cpp, line 766]
Event: 167.962 Thread 0x000002648b8a2800 Exception <a 'java/lang/IncompatibleClassChangeError'{0x0000000717208ac0}: Found class java.lang.Object, but interface was expected> (0x0000000717208ac0) 
thrown [e:\jenkins\tmp\workspace\build\src\src\hotspot\share\interpreter\linkResolver.cpp, line 833]
Event: 168.104 Thread 0x000002648b8a2800 Exception <a 'java/lang/NoSuchMethodError'{0x0000000716faecb0}: 'void java.lang.invoke.DirectMethodHandle$Holder.invokeSpecialIFC(java.lang.Object, java.lang.Object, int, java.lang.Object, java.lang.Object, java.lang.Object, java.lang.Object)'> (0x0000000716faecb0) 
thrown [e:\jenkins\tmp\workspace\build\src\src\hotspot\share\interpreter\linkResolver.cpp, line 766]
Event: 168.270 Thread 0x000002648b8a0ff0 Exception <a 'java/lang/IncompatibleClassChangeError'{0x00000007166258d0}: Found class java.lang.Object, but interface was expected> (0x00000007166258d0) 
thrown [e:\jenkins\tmp\workspace\build\src\src\hotspot\share\interpreter\linkResolver.cpp, line 833]
Event: 168.287 Thread 0x000002648b8a0ff0 Exception <a 'java/lang/IncompatibleClassChangeError'{0x00000007164b7fa8}: Found class java.lang.Object, but interface was expected> (0x00000007164b7fa8) 
thrown [e:\jenkins\tmp\workspace\build\src\src\hotspot\share\interpreter\linkResolver.cpp, line 833]
Event: 168.290 Thread 0x000002648b8a0ff0 Exception <a 'java/lang/NoSuchMethodError'{0x0000000716503ab8}: 'java.lang.Object java.lang.invoke.DirectMethodHandle$Holder.newInvokeSpecial(java.lang.Object, java.lang.Object, java.lang.Object, long)'> (0x0000000716503ab8) 
thrown [e:\jenkins\tmp\workspace\build\src\src\hotspot\share\interpreter\linkResolver.cpp, line 766]
Event: 168.290 Thread 0x000002648b8a0ff0 Exception <a 'java/lang/NoSuchMethodError'{0x00000007165085e0}: 'java.lang.Object java.lang.invoke.DirectMethodHandle$Holder.invokeSpecial(java.lang.Object, java.lang.Object, java.lang.Object, java.lang.Object, long)'> (0x00000007165085e0) 
thrown [e:\jenkins\tmp\workspace\build\src\src\hotspot\share\interpreter\linkResolver.cpp, line 766]
Event: 168.290 Thread 0x000002648b8a0ff0 Exception <a 'java/lang/NoSuchMethodError'{0x000000071650ca60}: 'java.lang.Object java.lang.invoke.Invokers$Holder.linkToTargetMethod(java.lang.Object, java.lang.Object, long, java.lang.Object)'> (0x000000071650ca60) 
thrown [e:\jenkins\tmp\workspace\build\src\src\hotspot\share\interpreter\linkResolver.cpp, line 766]
Event: 1608.913 Thread 0x000002648e681120 Exception <a 'java/io/IOException'{0x000000071521bfd8}> (0x000000071521bfd8) 
thrown [e:\jenkins\tmp\workspace\build\src\src\hotspot\share\prims\jni.cpp, line 516]
Event: 1611.650 Thread 0x000002648e67bf50 Exception <a 'java/io/IOException'{0x00000007153a30f8}> (0x00000007153a30f8) 
thrown [e:\jenkins\tmp\workspace\build\src\src\hotspot\share\prims\jni.cpp, line 516]
Event: 1612.237 Thread 0x000002648e67b5b0 Exception <a 'java/io/IOException'{0x0000000715151018}> (0x0000000715151018) 
thrown [e:\jenkins\tmp\workspace\build\src\src\hotspot\share\prims\jni.cpp, line 516]
Event: 1618.152 Thread 0x000002648b8a14c0 Exception <a 'java/lang/reflect/InvocationTargetException'{0x0000000714e1f580}> (0x0000000714e1f580) 
thrown [e:\jenkins\tmp\workspace\build\src\src\hotspot\share\runtime\reflection.cpp, line 1121]
Event: 1618.153 Thread 0x000002648b8a14c0 Exception <a 'java/lang/reflect/InvocationTargetException'{0x0000000714e26c78}> (0x0000000714e26c78) 
thrown [e:\jenkins\tmp\workspace\build\src\src\hotspot\share\runtime\reflection.cpp, line 1121]
Event: 1618.174 Thread 0x000002648e67dc30 Exception <a 'java/lang/reflect/InvocationTargetException'{0x0000000714efabe8}> (0x0000000714efabe8) 
thrown [e:\jenkins\tmp\workspace\build\src\src\hotspot\share\runtime\reflection.cpp, line 1121]
Event: 1618.174 Thread 0x000002648e67dc30 Exception <a 'java/lang/reflect/InvocationTargetException'{0x0000000714efba58}> (0x0000000714efba58) 
thrown [e:\jenkins\tmp\workspace\build\src\src\hotspot\share\runtime\reflection.cpp, line 1121]

VM Operations (20 events):
Event: 1702.499 Executing VM operation: RedefineClasses
Event: 1702.527 Executing VM operation: RedefineClasses done
Event: 1702.545 Executing VM operation: ChangeBreakpoints
Event: 1702.547 Executing VM operation: ChangeBreakpoints done
Event: 1702.547 Executing VM operation: ChangeBreakpoints
Event: 1702.550 Executing VM operation: ChangeBreakpoints done
Event: 1708.390 Executing VM operation: ChangeBreakpoints
Event: 1708.392 Executing VM operation: ChangeBreakpoints done
Event: 1708.393 Executing VM operation: ChangeBreakpoints
Event: 1708.395 Executing VM operation: ChangeBreakpoints done
Event: 1760.790 Executing VM operation: Cleanup
Event: 1760.790 Executing VM operation: Cleanup done
Event: 1763.830 Executing VM operation: Cleanup
Event: 1763.830 Executing VM operation: Cleanup done
Event: 1766.325 Executing VM operation: RedefineClasses
Event: 1766.353 Executing VM operation: RedefineClasses done
Event: 1766.370 Executing VM operation: ChangeBreakpoints
Event: 1766.372 Executing VM operation: ChangeBreakpoints done
Event: 1766.373 Executing VM operation: ChangeBreakpoints
Event: 1766.376 Executing VM operation: ChangeBreakpoints done

Events (20 events):
Event: 1293.958 Thread 0x000002648dd6ffd0 Thread added: 0x000002648dd6ffd0
Event: 1293.958 Thread 0x000002648dd709f0 Thread added: 0x000002648dd709f0
Event: 1298.961 Thread 0x000002648dd6ffd0 Thread exited: 0x000002648dd6ffd0
Event: 1298.961 Thread 0x000002648dd709f0 Thread exited: 0x000002648dd709f0
Event: 1298.961 Thread 0x000002648e67b0e0 Thread exited: 0x000002648e67b0e0
Event: 1303.971 Thread 0x000002648dd741a0 Thread exited: 0x000002648dd741a0
Event: 1604.217 Thread 0x000002648e67c8f0 Thread added: 0x000002648e67c8f0
Event: 1608.911 Thread 0x000002648dd6f0a0 Thread added: 0x000002648dd6f0a0
Event: 1609.219 Thread 0x000002648e67c8f0 Thread exited: 0x000002648e67c8f0
Event: 1611.649 Thread 0x000002648dd72850 Thread added: 0x000002648dd72850
Event: 1611.650 Thread 0x000002648dd76000 Thread added: 0x000002648dd76000
Event: 1612.223 Thread 0x000002648dd72850 Thread exited: 0x000002648dd72850
Event: 1612.223 Thread 0x000002648dd76000 Thread exited: 0x000002648dd76000
Event: 1617.586 Thread 0x000002648dd6f0a0 Thread exited: 0x000002648dd6f0a0
Event: 1618.127 Thread 0x000002648dd76000 Thread added: 0x000002648dd76000
Event: 1618.127 Thread 0x000002648dd709f0 Thread added: 0x000002648dd709f0
Event: 1623.187 Thread 0x000002648dd709f0 Thread exited: 0x000002648dd709f0
Event: 1628.193 Thread 0x000002648dd76000 Thread exited: 0x000002648dd76000
Event: 1760.432 Thread 0x000002648e67ef70 Thread added: 0x000002648e67ef70
Event: 1760.433 Thread 0x000002648e67f440 Thread added: 0x000002648e67f440


Dynamic libraries:
0x00007ff76d800000 - 0x00007ff76d80e000 	F:\EGOV_Softwares\64_bit\sts-4.15.1.RELEASE\plugins\org.eclipse.justj.openjdk.hotspot.jre.full.win32.x86_64_17.0.3.v20220515-1416\jre\bin\javaw.exe
0x00007ffb57e70000 - 0x00007ffb58087000 	C:\WINDOWS\SYSTEM32\ntdll.dll
0x00007ffb56a30000 - 0x00007ffb56af4000 	C:\WINDOWS\System32\KERNEL32.DLL
0x00007ffb55650000 - 0x00007ffb55a20000 	C:\WINDOWS\System32\KERNELBASE.dll
0x00007ffb55270000 - 0x00007ffb55381000 	C:\WINDOWS\System32\ucrtbase.dll
0x00007ffaed4d0000 - 0x00007ffaed4e8000 	F:\EGOV_Softwares\64_bit\sts-4.15.1.RELEASE\plugins\org.eclipse.justj.openjdk.hotspot.jre.full.win32.x86_64_17.0.3.v20220515-1416\jre\bin\jli.dll
0x00007ffb39d20000 - 0x00007ffb39d39000 	F:\EGOV_Softwares\64_bit\sts-4.15.1.RELEASE\plugins\org.eclipse.justj.openjdk.hotspot.jre.full.win32.x86_64_17.0.3.v20220515-1416\jre\bin\VCRUNTIME140.dll
0x00007ffb56d90000 - 0x00007ffb56f3e000 	C:\WINDOWS\System32\USER32.dll
0x00007ffb55240000 - 0x00007ffb55266000 	C:\WINDOWS\System32\win32u.dll
0x00007ffb57390000 - 0x00007ffb573b9000 	C:\WINDOWS\System32\GDI32.dll
0x00007ffb303e0000 - 0x00007ffb30672000 	C:\WINDOWS\WinSxS\amd64_microsoft.windows.common-controls_6595b64144ccf1df_6.0.22621.4830_none_270fe7d773858e80\COMCTL32.dll
0x00007ffb55120000 - 0x00007ffb5523b000 	C:\WINDOWS\System32\gdi32full.dll
0x00007ffb55b60000 - 0x00007ffb55c07000 	C:\WINDOWS\System32\msvcrt.dll
0x00007ffb555b0000 - 0x00007ffb5564a000 	C:\WINDOWS\System32\msvcp_win.dll
0x00007ffb56100000 - 0x00007ffb56131000 	C:\WINDOWS\System32\IMM32.DLL
0x00007ffb39d10000 - 0x00007ffb39d1c000 	F:\EGOV_Softwares\64_bit\sts-4.15.1.RELEASE\plugins\org.eclipse.justj.openjdk.hotspot.jre.full.win32.x86_64_17.0.3.v20220515-1416\jre\bin\vcruntime140_1.dll
0x00007ffaa5a60000 - 0x00007ffaa5af1000 	F:\EGOV_Softwares\64_bit\sts-4.15.1.RELEASE\plugins\org.eclipse.justj.openjdk.hotspot.jre.full.win32.x86_64_17.0.3.v20220515-1416\jre\bin\msvcp140.dll
0x00007ffaa1990000 - 0x00007ffaa25d8000 	F:\EGOV_Softwares\64_bit\sts-4.15.1.RELEASE\plugins\org.eclipse.justj.openjdk.hotspot.jre.full.win32.x86_64_17.0.3.v20220515-1416\jre\bin\server\jvm.dll
0x00007ffb56970000 - 0x00007ffb56a21000 	C:\WINDOWS\System32\ADVAPI32.dll
0x00007ffb57c40000 - 0x00007ffb57ce7000 	C:\WINDOWS\System32\sechost.dll
0x00007ffb55580000 - 0x00007ffb555a8000 	C:\WINDOWS\System32\bcrypt.dll
0x00007ffb57cf0000 - 0x00007ffb57e04000 	C:\WINDOWS\System32\RPCRT4.dll
0x00007ffb56c90000 - 0x00007ffb56c98000 	C:\WINDOWS\System32\PSAPI.DLL
0x00007ffb38bf0000 - 0x00007ffb38bf9000 	C:\WINDOWS\SYSTEM32\WSOCK32.dll
0x00007ffb4e8c0000 - 0x00007ffb4e8f4000 	C:\WINDOWS\SYSTEM32\WINMM.dll
0x00007ffb53bf0000 - 0x00007ffb53bfa000 	C:\WINDOWS\SYSTEM32\VERSION.dll
0x00007ffb56f40000 - 0x00007ffb56fb1000 	C:\WINDOWS\System32\WS2_32.dll
0x00007ffb54250000 - 0x00007ffb54268000 	C:\WINDOWS\SYSTEM32\kernel.appcore.dll
0x00007ffb4fca0000 - 0x00007ffb4fcaa000 	F:\EGOV_Softwares\64_bit\sts-4.15.1.RELEASE\plugins\org.eclipse.justj.openjdk.hotspot.jre.full.win32.x86_64_17.0.3.v20220515-1416\jre\bin\jimage.dll
0x00007ffb52870000 - 0x00007ffb52aa2000 	C:\WINDOWS\SYSTEM32\DBGHELP.DLL
0x00007ffb55c10000 - 0x00007ffb55fa0000 	C:\WINDOWS\System32\combase.dll
0x00007ffb56cb0000 - 0x00007ffb56d87000 	C:\WINDOWS\System32\OLEAUT32.dll
0x00007ffb3a760000 - 0x00007ffb3a792000 	C:\WINDOWS\SYSTEM32\dbgcore.DLL
0x00007ffb55ae0000 - 0x00007ffb55b5b000 	C:\WINDOWS\System32\bcryptPrimitives.dll
0x00007ffb3d880000 - 0x00007ffb3d8bb000 	F:\EGOV_Softwares\64_bit\sts-4.15.1.RELEASE\plugins\org.eclipse.justj.openjdk.hotspot.jre.full.win32.x86_64_17.0.3.v20220515-1416\jre\bin\jdwp.dll
0x00007ffb37510000 - 0x00007ffb3751e000 	F:\EGOV_Softwares\64_bit\sts-4.15.1.RELEASE\plugins\org.eclipse.justj.openjdk.hotspot.jre.full.win32.x86_64_17.0.3.v20220515-1416\jre\bin\instrument.dll
0x00007ffabf200000 - 0x00007ffabf225000 	F:\EGOV_Softwares\64_bit\sts-4.15.1.RELEASE\plugins\org.eclipse.justj.openjdk.hotspot.jre.full.win32.x86_64_17.0.3.v20220515-1416\jre\bin\java.dll
0x00007ffaea400000 - 0x00007ffaea418000 	F:\EGOV_Softwares\64_bit\sts-4.15.1.RELEASE\plugins\org.eclipse.justj.openjdk.hotspot.jre.full.win32.x86_64_17.0.3.v20220515-1416\jre\bin\zip.dll
0x00007ffb573c0000 - 0x00007ffb57c38000 	C:\WINDOWS\System32\SHELL32.dll
0x00007ffb52f40000 - 0x00007ffb53850000 	C:\WINDOWS\SYSTEM32\windows.storage.dll
0x00007ffb52e00000 - 0x00007ffb52f3f000 	C:\WINDOWS\SYSTEM32\wintypes.dll
0x00007ffb565c0000 - 0x00007ffb566ca000 	C:\WINDOWS\System32\SHCORE.dll
0x00007ffb567f0000 - 0x00007ffb5684e000 	C:\WINDOWS\System32\shlwapi.dll
0x00007ffb55050000 - 0x00007ffb5507b000 	C:\WINDOWS\SYSTEM32\profapi.dll
0x00007ffb51a30000 - 0x00007ffb51a3c000 	F:\EGOV_Softwares\64_bit\sts-4.15.1.RELEASE\plugins\org.eclipse.justj.openjdk.hotspot.jre.full.win32.x86_64_17.0.3.v20220515-1416\jre\bin\dt_socket.dll
0x00007ffb53aa0000 - 0x00007ffb53acd000 	C:\WINDOWS\SYSTEM32\IPHLPAPI.DLL
0x00007ffb546d0000 - 0x00007ffb5473a000 	C:\WINDOWS\system32\mswsock.dll
0x00007ffb53ad0000 - 0x00007ffb53bd2000 	C:\WINDOWS\SYSTEM32\DNSAPI.dll
0x00007ffb56ca0000 - 0x00007ffb56ca9000 	C:\WINDOWS\System32\NSI.dll
0x00007ffb3da80000 - 0x00007ffb3da8a000 	C:\Windows\System32\rasadhlp.dll
0x00007ffb4d510000 - 0x00007ffb4d593000 	C:\WINDOWS\System32\fwpuclnt.dll
0x00007ffabfc30000 - 0x00007ffabfc49000 	F:\EGOV_Softwares\64_bit\sts-4.15.1.RELEASE\plugins\org.eclipse.justj.openjdk.hotspot.jre.full.win32.x86_64_17.0.3.v20220515-1416\jre\bin\net.dll
0x00007ffb4e4f0000 - 0x00007ffb4e61c000 	C:\WINDOWS\SYSTEM32\WINHTTP.dll
0x00007ffabf1e0000 - 0x00007ffabf1f5000 	F:\EGOV_Softwares\64_bit\sts-4.15.1.RELEASE\plugins\org.eclipse.justj.openjdk.hotspot.jre.full.win32.x86_64_17.0.3.v20220515-1416\jre\bin\nio.dll
0x00007ffb1a960000 - 0x00007ffb1a969000 	F:\EGOV_Softwares\64_bit\sts-4.15.1.RELEASE\plugins\org.eclipse.justj.openjdk.hotspot.jre.full.win32.x86_64_17.0.3.v20220515-1416\jre\bin\management.dll
0x00007ffb0ea20000 - 0x00007ffb0ea2b000 	F:\EGOV_Softwares\64_bit\sts-4.15.1.RELEASE\plugins\org.eclipse.justj.openjdk.hotspot.jre.full.win32.x86_64_17.0.3.v20220515-1416\jre\bin\management_ext.dll
0x00007ffb2dc80000 - 0x00007ffb2dc97000 	C:\WINDOWS\system32\napinsp.dll
0x00007ffb2d830000 - 0x00007ffb2d84b000 	C:\WINDOWS\system32\pnrpnsp.dll
0x00007ffb2d810000 - 0x00007ffb2d821000 	C:\WINDOWS\System32\winrnr.dll
0x00007ffb2d570000 - 0x00007ffb2d585000 	C:\WINDOWS\system32\wshbth.dll
0x00007ffb2c680000 - 0x00007ffb2c6a7000 	C:\WINDOWS\system32\nlansp_c.dll
0x00007ffb54920000 - 0x00007ffb5493b000 	C:\WINDOWS\SYSTEM32\CRYPTSP.dll
0x00007ffb541b0000 - 0x00007ffb541e5000 	C:\WINDOWS\system32\rsaenh.dll
0x00007ffb547c0000 - 0x00007ffb547e8000 	C:\WINDOWS\SYSTEM32\USERENV.dll
0x00007ffb54940000 - 0x00007ffb5494c000 	C:\WINDOWS\SYSTEM32\CRYPTBASE.dll
0x00007ffb4e330000 - 0x00007ffb4e349000 	C:\WINDOWS\SYSTEM32\dhcpcsvc6.DLL
0x00007ffb4e310000 - 0x00007ffb4e32f000 	C:\WINDOWS\SYSTEM32\dhcpcsvc.DLL
0x00007ffb2fd30000 - 0x00007ffb2fd40000 	F:\EGOV_Softwares\64_bit\sts-4.15.1.RELEASE\plugins\org.eclipse.justj.openjdk.hotspot.jre.full.win32.x86_64_17.0.3.v20220515-1416\jre\bin\verify.dll
0x00007ffb37270000 - 0x00007ffb3727e000 	F:\EGOV_Softwares\64_bit\sts-4.15.1.RELEASE\plugins\org.eclipse.justj.openjdk.hotspot.jre.full.win32.x86_64_17.0.3.v20220515-1416\jre\bin\sunmscapi.dll
0x00007ffb55390000 - 0x00007ffb554f6000 	C:\WINDOWS\System32\CRYPT32.dll
0x00007ffb54ac0000 - 0x00007ffb54aed000 	C:\WINDOWS\SYSTEM32\ncrypt.dll
0x00007ffb54a80000 - 0x00007ffb54ab7000 	C:\WINDOWS\SYSTEM32\NTASN1.dll
0x00007ffb34e60000 - 0x00007ffb34e68000 	C:\WINDOWS\system32\wshunix.dll

dbghelp: loaded successfully - version: 4.0.5 - missing functions: none
symbol engine: initialized successfully - sym options: 0x614 - pdb path: .;F:\EGOV_Softwares\64_bit\sts-4.15.1.RELEASE\plugins\org.eclipse.justj.openjdk.hotspot.jre.full.win32.x86_64_17.0.3.v20220515-1416\jre\bin;C:\WINDOWS\SYSTEM32;C:\WINDOWS\WinSxS\amd64_microsoft.windows.common-controls_6595b64144ccf1df_6.0.22621.4830_none_270fe7d773858e80;F:\EGOV_Softwares\64_bit\sts-4.15.1.RELEASE\plugins\org.eclipse.justj.openjdk.hotspot.jre.full.win32.x86_64_17.0.3.v20220515-1416\jre\bin\server

VM Arguments:
jvm_args: -XX:+ShowCodeDetailsInExceptionMessages -agentlib:jdwp=transport=dt_socket,suspend=y,address=localhost:55427 -Dcom.sun.management.jmxremote -Dcom.sun.management.jmxremote.port=55405 -Dcom.sun.management.jmxremote.authenticate=false -Dcom.sun.management.jmxremote.ssl=false -Djava.rmi.server.hostname=localhost -Dspring.jmx.enabled=true -Dspring.application.admin.enabled=true -XX:TieredStopAtLevel=1 -Dspring.boot.project.name=OAndM -javaagent:F:\EGOV_Softwares\64_bit\sts-4.15.1.RELEASE\configuration\org.eclipse.osgi\258\0\.cp\lib\javaagent-shaded.jar -Dfile.encoding=UTF-8 
java_command: in.OAndM.OAndMApplication --spring.output.ansi.enabled=always
java_class_path (initial): F:\GitHubRepository\OandMWorks\target\classes;C:\Users\Admin\.m2\repository\org\springframework\boot\spring-boot-starter-actuator\3.4.0\spring-boot-starter-actuator-3.4.0.jar;C:\Users\Admin\.m2\repository\org\springframework\boot\spring-boot-starter\3.4.0\spring-boot-starter-3.4.0.jar;C:\Users\Admin\.m2\repository\org\springframework\boot\spring-boot\3.4.0\spring-boot-3.4.0.jar;C:\Users\Admin\.m2\repository\org\springframework\boot\spring-boot-autoconfigure\3.4.0\spring-boot-autoconfigure-3.4.0.jar;C:\Users\Admin\.m2\repository\org\springframework\boot\spring-boot-starter-logging\3.4.0\spring-boot-starter-logging-3.4.0.jar;C:\Users\Admin\.m2\repository\ch\qos\logback\logback-classic\1.5.12\logback-classic-1.5.12.jar;C:\Users\Admin\.m2\repository\ch\qos\logback\logback-core\1.5.12\logback-core-1.5.12.jar;C:\Users\Admin\.m2\repository\org\apache\logging\log4j\log4j-to-slf4j\2.24.1\log4j-to-slf4j-2.24.1.jar;C:\Users\Admin\.m2\repository\org\apache\logging\log4j\log4j-api\2.24.1\log4j-api-2.24.1.jar;C:\Users\Admin\.m2\repository\org\slf4j\jul-to-slf4j\2.0.16\jul-to-slf4j-2.0.16.jar;C:\Users\Admin\.m2\repository\jakarta\annotation\jakarta.annotation-api\2.1.1\jakarta.annotation-api-2.1.1.jar;C:\Users\Admin\.m2\repository\org\yaml\snakeyaml\2.3\snakeyaml-2.3.jar;C:\Users\Admin\.m2\repository\org\springframework\boot\spring-boot-actuator-autoconfigure\3.4.0\spring-boot-actuator-autoconfigure-3.4.0.jar;C:\Users\Admin\.m2\repository\org\springframework\boot\spring-boot-actuator\3.4.0\spring-boot-actuator-3.4.0.jar;C:\Users\Admin\.m2\repository\com\fasterxml\jackson\datatype\jackson-datatype-jsr310\2.18.1\jackson-datatype-jsr310-2.18.1.jar;C:\Users\Admin\.m2\repository\io\micrometer\micrometer-observation\1.14.1\micrometer-observation-1.14.1.jar;C:\Users\Admin\.m2\repository\io\micrometer\micrometer-commons\1.14.1\micrometer-commons-1.14.1.jar;C:\Users\Admin\.m2\repository\io\micrometer\micrometer-jakarta9\1.14.1\micrometer-jakarta9-1.14.1.jar;C:\
Launcher Type: SUN_STANDARD

[Global flags]
     intx CICompilerCount                          = 12                                        {product} {ergonomic}
     uint ConcGCThreads                            = 3                                         {product} {ergonomic}
     uint G1ConcRefinementThreads                  = 13                                        {product} {ergonomic}
   size_t G1HeapRegionSize                         = 2097152                                   {product} {ergonomic}
    uintx GCDrainStackTargetSize                   = 64                                        {product} {ergonomic}
   size_t InitialHeapSize                          = 266338304                                 {product} {ergonomic}
     bool ManagementServer                         = true                                      {product} {command line}
   size_t MarkStackSize                            = 4194304                                   {product} {ergonomic}
   size_t MaxHeapSize                              = 4236247040                                {product} {ergonomic}
   size_t MaxNewSize                               = 2541748224                                {product} {ergonomic}
   size_t MinHeapDeltaBytes                        = 2097152                                   {product} {ergonomic}
   size_t MinHeapSize                              = 8388608                                   {product} {ergonomic}
    uintx NonProfiledCodeHeapSize                  = 0                                      {pd product} {ergonomic}
     bool ProfileInterpreter                       = false                                  {pd product} {command line}
    uintx ProfiledCodeHeapSize                     = 0                                      {pd product} {ergonomic}
     bool ShowCodeDetailsInExceptionMessages       = true                                   {manageable} {command line}
   size_t SoftMaxHeapSize                          = 4236247040                             {manageable} {ergonomic}
     intx TieredStopAtLevel                        = 1                                         {product} {command line}
     bool UseCompressedClassPointers               = true                           {product lp64_product} {ergonomic}
     bool UseCompressedOops                        = true                           {product lp64_product} {ergonomic}
     bool UseG1GC                                  = true                                      {product} {ergonomic}
     bool UseLargePagesIndividualAllocation        = false                                  {pd product} {ergonomic}

Logging:
Log output configuration:
 #0: stdout all=warning uptime,level,tags
 #1: stderr all=off uptime,level,tags

Environment Variables:
JAVA_HOME=C:\Program Files\Java\jdk-17
CLASSPATH=C:\Program Files\Java\jdk-17\bin;
PATH=F:\EGOV_Softwares\64_bit\sts-4.15.1.RELEASE\plugins\org.eclipse.justj.openjdk.hotspot.jre.full.win32.x86_64_17.0.3.v20220515-1416\jre\bin;F:/EGOV_Softwares/64_bit/sts-4.15.1.RELEASE//plugins/org.eclipse.justj.openjdk.hotspot.jre.full.win32.x86_64_17.0.3.v20220515-1416/jre/bin/server;F:/EGOV_Softwares/64_bit/sts-4.15.1.RELEASE//plugins/org.eclipse.justj.openjdk.hotspot.jre.full.win32.x86_64_17.0.3.v20220515-1416/jre/bin;C:\Program Files\Common Files\Oracle\Java\javapath;C:\oraclexe\app\oracle\product\10.2.0\server\bin;C:\Program Files (x86)\Common Files\Oracle\Java\javapath;C:\WINDOWS\system32;C:\WINDOWS;C:\WINDOWS\System32\Wbem;C:\WINDOWS\System32\WindowsPowerShell\v1.0\;C:\WINDOWS\System32\OpenSSH\;JAVA_HOME\bin;C:\Users\Admin\gradle-7.4\bin;C:\Program Files\nodejs\;C:\Users\Admin\AppData\Local\Microsoft\WindowsApps;C:\Users\Admin\AppData\Local\GitHubDesktop\bin;C:\Users\Admin\AppData\Local\Programs\Microsoft VS Code\bin;C:\Users\Admin\AppData\Roaming\npm;;F:\EGOV_Softwares\64_bit\sts-4.15.1.RELEASE;
USERNAME=Admin
OS=Windows_NT
PROCESSOR_IDENTIFIER=Intel64 Family 6 Model 158 Stepping 13, GenuineIntel



---------------  S Y S T E M  ---------------

OS:
 Windows 11 , 64 bit Build 22621 (10.0.22621.4830)
OS uptime: 27 days 4:52 hours

CPU: total 16 (initial active 16) (8 cores per cpu, 2 threads per core) family 6 model 158 stepping 13 microcode 0xfa, cx8, cmov, fxsr, ht, mmx, 3dnowpref, sse, sse2, sse3, ssse3, sse4.1, sse4.2, popcnt, lzcnt, tsc, tscinvbit, avx, avx2, aes, erms, clmul, bmi1, bmi2, adx, fma, vzeroupper, clflush, clflushopt

Memory: 4k page, system-wide physical 16158M (3080M free)
TotalPageFile size 27579M (AvailPageFile size 5235M)
current process WorkingSet (physical memory assigned to process): 595M, peak: 595M
current process commit charge ("private bytes"): 686M, peak: 686M

vm_info: OpenJDK 64-Bit Server VM (17.0.3+7) for windows-amd64 JRE (17.0.3+7), built on Apr 19 2022 16:55:35 by "" with MS VC++ 16.7 (VS2019)

END.
